TpTrace Verbose: 0 : 14804, 1, 2024/04/28, 21:20:55.930, 14837744447047, vstest.console.dll, Version: 17.7.2-release-23423-01 Current process architecture: X64
TpTrace Verbose: 0 : 14804, 1, 2024/04/28, 21:20:55.931, 14837744458522, vstest.console.dll, Runtime location: C:\Program Files\dotnet\shared\Microsoft.NETCore.App\7.0.13
TpTrace Verbose: 0 : 14804, 1, 2024/04/28, 21:20:55.940, 14837744547485, vstest.console.dll, ArtifactProcessingPostProcessModeProcessorExecutor.Initialize: ArtifactProcessingMode.Collect
TpTrace Verbose: 0 : 14804, 1, 2024/04/28, 21:20:55.940, 14837744548670, vstest.console.dll, TestSessionCorrelationIdProcessorModeProcessorExecutor.Initialize: TestSessionCorrelationId '11944_3a2ccde7-6c13-4441-ab49-518e1ce6b4a0'
TpTrace Information: 0 : 14804, 1, 2024/04/28, 21:20:55.947, 14837744612955, vstest.console.dll, FilePatternParser: The given file C:\Users\Ilya\Dropbox\Тестирование\Lab4\DiscountSystem\DiscountSystem.Test\bin\Debug\net6.0\fine-code-coverage\build-output\DiscountSystem.Test.dll is a full path.
TpTrace Verbose: 0 : 14804, 1, 2024/04/28, 21:20:55.959, 14837744732630, vstest.console.dll, TestPluginCache.DiscoverTestExtensions: finding test extensions in assemblies ends with: RuntimeProvider.dll TPluginInfo: Microsoft.VisualStudio.TestPlatform.Common.ExtensionFramework.Utilities.TestRuntimePluginInformation TExtension: Microsoft.VisualStudio.TestPlatform.ObjectModel.Host.ITestRuntimeProvider
TpTrace Verbose: 0 : 14804, 1, 2024/04/28, 21:20:55.959, 14837744735092, vstest.console.dll, TestPluginCache.GetExtensionPaths: Filtered extension paths: 
TpTrace Verbose: 0 : 14804, 1, 2024/04/28, 21:20:55.959, 14837744735623, vstest.console.dll, TestPluginCache.GetExtensionPaths: Added default extension paths: C:\Program Files\dotnet\sdk\7.0.403\Extensions\Microsoft.Diagnostics.NETCore.Client.dll
C:\Program Files\dotnet\sdk\7.0.403\Extensions\Microsoft.TestPlatform.Extensions.BlameDataCollector.dll
C:\Program Files\dotnet\sdk\7.0.403\Extensions\Microsoft.TestPlatform.Extensions.EventLogCollector.dll
C:\Program Files\dotnet\sdk\7.0.403\Extensions\Microsoft.TestPlatform.TestHostRuntimeProvider.dll
C:\Program Files\dotnet\sdk\7.0.403\Extensions\Microsoft.VisualStudio.TestPlatform.Extensions.Html.TestLogger.dll
C:\Program Files\dotnet\sdk\7.0.403\Extensions\Microsoft.VisualStudio.TestPlatform.Extensions.Trx.TestLogger.dll
TpTrace Verbose: 0 : 14804, 1, 2024/04/28, 21:20:55.959, 14837744735811, vstest.console.dll, TestPluginCache.GetExtensionPaths: Added unfilterableExtensionPaths: 
TpTrace Information: 0 : 14804, 1, 2024/04/28, 21:20:55.959, 14837744740170, vstest.console.dll, AssemblyResolver.ctor: Creating AssemblyResolver with searchDirectories C:\Program Files\dotnet\sdk\7.0.403\Extensions,C:\Program Files\dotnet\sdk\7.0.403
TpTrace Verbose: 0 : 14804, 1, 2024/04/28, 21:20:55.960, 14837744748979, vstest.console.dll, TestPluginCache.DiscoverTestExtensions: Discovering the extensions using extension path.
TpTrace Verbose: 0 : 14804, 1, 2024/04/28, 21:20:55.960, 14837744749976, vstest.console.dll, TestPluginCache.GetExtensionPaths: Filtered extension paths: 
TpTrace Verbose: 0 : 14804, 1, 2024/04/28, 21:20:55.960, 14837744750202, vstest.console.dll, TestPluginCache.GetExtensionPaths: Added default extension paths: C:\Program Files\dotnet\sdk\7.0.403\Extensions\Microsoft.Diagnostics.NETCore.Client.dll
C:\Program Files\dotnet\sdk\7.0.403\Extensions\Microsoft.TestPlatform.Extensions.BlameDataCollector.dll
C:\Program Files\dotnet\sdk\7.0.403\Extensions\Microsoft.TestPlatform.Extensions.EventLogCollector.dll
C:\Program Files\dotnet\sdk\7.0.403\Extensions\Microsoft.TestPlatform.TestHostRuntimeProvider.dll
C:\Program Files\dotnet\sdk\7.0.403\Extensions\Microsoft.VisualStudio.TestPlatform.Extensions.Html.TestLogger.dll
C:\Program Files\dotnet\sdk\7.0.403\Extensions\Microsoft.VisualStudio.TestPlatform.Extensions.Trx.TestLogger.dll
TpTrace Verbose: 0 : 14804, 1, 2024/04/28, 21:20:55.960, 14837744750356, vstest.console.dll, TestPluginCache.GetExtensionPaths: Added unfilterableExtensionPaths: 
TpTrace Verbose: 0 : 14804, 1, 2024/04/28, 21:20:55.960, 14837744751109, vstest.console.dll, TestPluginCache.DiscoverTestExtensions: Discovering the extensions using allExtensionPaths: C:\Program Files\dotnet\sdk\7.0.403\Extensions\Microsoft.Diagnostics.NETCore.Client.dll
C:\Program Files\dotnet\sdk\7.0.403\Extensions\Microsoft.TestPlatform.Extensions.BlameDataCollector.dll
C:\Program Files\dotnet\sdk\7.0.403\Extensions\Microsoft.TestPlatform.Extensions.EventLogCollector.dll
C:\Program Files\dotnet\sdk\7.0.403\Extensions\Microsoft.TestPlatform.TestHostRuntimeProvider.dll
C:\Program Files\dotnet\sdk\7.0.403\Extensions\Microsoft.VisualStudio.TestPlatform.Extensions.Html.TestLogger.dll
C:\Program Files\dotnet\sdk\7.0.403\Extensions\Microsoft.VisualStudio.TestPlatform.Extensions.Trx.TestLogger.dll
TpTrace Information: 0 : 14804, 1, 2024/04/28, 21:20:55.960, 14837744751791, vstest.console.dll, AssemblyResolver.AddSearchDirectories: Adding more searchDirectories C:\Program Files\dotnet\sdk\7.0.403\Extensions,C:\Program Files\dotnet\sdk\7.0.403
TpTrace Information: 0 : 14804, 1, 2024/04/28, 21:20:55.961, 14837744752060, vstest.console.dll, AssemblyResolver.AddSearchDirectories: Adding more searchDirectories C:\Program Files\dotnet\sdk\7.0.403\Extensions,C:\Program Files\dotnet\sdk\7.0.403
TpTrace Information: 0 : 14804, 1, 2024/04/28, 21:20:55.961, 14837744752221, vstest.console.dll, AssemblyResolver.AddSearchDirectories: Adding more searchDirectories C:\Program Files\dotnet\sdk\7.0.403\Extensions,C:\Program Files\dotnet\sdk\7.0.403
TpTrace Information: 0 : 14804, 1, 2024/04/28, 21:20:55.961, 14837744752377, vstest.console.dll, AssemblyResolver.AddSearchDirectories: Adding more searchDirectories C:\Program Files\dotnet\sdk\7.0.403\Extensions,C:\Program Files\dotnet\sdk\7.0.403
TpTrace Information: 0 : 14804, 1, 2024/04/28, 21:20:55.961, 14837744752490, vstest.console.dll, AssemblyResolver.AddSearchDirectories: Adding more searchDirectories C:\Program Files\dotnet\sdk\7.0.403\Extensions,C:\Program Files\dotnet\sdk\7.0.403
TpTrace Information: 0 : 14804, 1, 2024/04/28, 21:20:55.961, 14837744752601, vstest.console.dll, AssemblyResolver.AddSearchDirectories: Adding more searchDirectories C:\Program Files\dotnet\sdk\7.0.403\Extensions,C:\Program Files\dotnet\sdk\7.0.403
TpTrace Information: 0 : 14804, 1, 2024/04/28, 21:20:55.961, 14837744755343, vstest.console.dll, AssemblyResolver.OnResolve: Microsoft.Diagnostics.NETCore.Client: Resolving assembly.
TpTrace Information: 0 : 14804, 1, 2024/04/28, 21:20:55.961, 14837744755879, vstest.console.dll, AssemblyResolver.OnResolve: Microsoft.Diagnostics.NETCore.Client: Searching in: 'C:\Program Files\dotnet\sdk\7.0.403\Extensions'.
TpTrace Information: 0 : 14804, 1, 2024/04/28, 21:20:55.967, 14837744817366, vstest.console.dll, AssemblyResolver.OnResolve: Microsoft.Diagnostics.NETCore.Client: Loading assembly 'C:\Program Files\dotnet\sdk\7.0.403\Extensions\Microsoft.Diagnostics.NETCore.Client.dll'.
TpTrace Information: 0 : 14804, 1, 2024/04/28, 21:20:55.970, 14837744844936, vstest.console.dll, AssemblyResolver.OnResolve: Resolved assembly: Microsoft.Diagnostics.NETCore.Client, from path: C:\Program Files\dotnet\sdk\7.0.403\Extensions\Microsoft.Diagnostics.NETCore.Client.dll
TpTrace Verbose: 0 : 14804, 1, 2024/04/28, 21:20:55.971, 14837744853028, vstest.console.dll, MetadataReaderExtensionsHelper: Discovering extensions inside assembly 'Microsoft.Diagnostics.NETCore.Client, Version=0.2.8.21101, Culture=neutral, PublicKeyToken=31bf3856ad364e35' file path 'C:\Program Files\dotnet\sdk\7.0.403\Extensions\Microsoft.Diagnostics.NETCore.Client.dll'
TpTrace Information: 0 : 14804, 1, 2024/04/28, 21:20:55.973, 14837744876677, vstest.console.dll, AssemblyResolver.OnResolve: Microsoft.Bcl.AsyncInterfaces: Resolving assembly.
TpTrace Information: 0 : 14804, 1, 2024/04/28, 21:20:55.973, 14837744877373, vstest.console.dll, AssemblyResolver.OnResolve: Microsoft.Bcl.AsyncInterfaces: Searching in: 'C:\Program Files\dotnet\sdk\7.0.403\Extensions'.
TpTrace Information: 0 : 14804, 1, 2024/04/28, 21:20:55.973, 14837744878169, vstest.console.dll, AssemblyResolver.OnResolve: Microsoft.Bcl.AsyncInterfaces: Assembly path does not exist: 'C:\Program Files\dotnet\sdk\7.0.403\Extensions\Microsoft.Bcl.AsyncInterfaces.dll', returning.
TpTrace Information: 0 : 14804, 1, 2024/04/28, 21:20:55.973, 14837744878840, vstest.console.dll, AssemblyResolver.OnResolve: Microsoft.Bcl.AsyncInterfaces: Assembly path does not exist: 'C:\Program Files\dotnet\sdk\7.0.403\Extensions\Microsoft.Bcl.AsyncInterfaces.exe', returning.
TpTrace Information: 0 : 14804, 1, 2024/04/28, 21:20:55.973, 14837744878986, vstest.console.dll, AssemblyResolver.OnResolve: Microsoft.Bcl.AsyncInterfaces: Searching in: 'C:\Program Files\dotnet\sdk\7.0.403'.
TpTrace Information: 0 : 14804, 1, 2024/04/28, 21:20:55.973, 14837744879333, vstest.console.dll, AssemblyResolver.OnResolve: Microsoft.Bcl.AsyncInterfaces: Assembly path does not exist: 'C:\Program Files\dotnet\sdk\7.0.403\Microsoft.Bcl.AsyncInterfaces.dll', returning.
TpTrace Information: 0 : 14804, 1, 2024/04/28, 21:20:55.973, 14837744879650, vstest.console.dll, AssemblyResolver.OnResolve: Microsoft.Bcl.AsyncInterfaces: Assembly path does not exist: 'C:\Program Files\dotnet\sdk\7.0.403\Microsoft.Bcl.AsyncInterfaces.exe', returning.
TpTrace Information: 0 : 14804, 1, 2024/04/28, 21:20:55.973, 14837744879909, vstest.console.dll, AssemblyResolver.OnResolve: Microsoft.Bcl.AsyncInterfaces: Failed to load assembly.
TpTrace Verbose: 0 : 14804, 1, 2024/04/28, 21:20:55.973, 14837744880117, vstest.console.dll, CurrentDomainAssemblyResolve: Resolving assembly 'Microsoft.Bcl.AsyncInterfaces'.
TpTrace Information: 0 : 14804, 1, 2024/04/28, 21:20:55.973, 14837744880488, vstest.console.dll, AssemblyResolver.OnResolve: Microsoft.Bcl.AsyncInterfaces: Resolving assembly.
TpTrace Information: 0 : 14804, 1, 2024/04/28, 21:20:55.973, 14837744880691, vstest.console.dll, AssemblyResolver.OnResolve: Microsoft.Bcl.AsyncInterfaces: Resolved from cache.
TpTrace Verbose: 0 : 14804, 1, 2024/04/28, 21:20:55.973, 14837744880829, vstest.console.dll, CurrentDomainAssemblyResolve: Resolving assembly 'Microsoft.Bcl.AsyncInterfaces'.
TpTrace Verbose: 0 : 14804, 1, 2024/04/28, 21:20:55.973, 14837744880995, vstest.console.dll, CurrentDomainAssemblyResolve: Failed to resolve assembly 'Microsoft.Bcl.AsyncInterfaces'.
TpTrace Verbose: 0 : 14804, 1, 2024/04/28, 21:20:55.985, 14837744996214, vstest.console.dll, CurrentDomainAssemblyResolve: Failed to resolve assembly 'Microsoft.Bcl.AsyncInterfaces'.
TpTrace Warning: 0 : 14804, 1, 2024/04/28, 21:20:56.001, 14837745161332, vstest.console.dll, TestPluginDiscoverer: Failed to get types from assembly 'Microsoft.Diagnostics.NETCore.Client, Version=0.2.8.21101, Culture=neutral, PublicKeyToken=31bf3856ad364e35'. Error: System.Reflection.ReflectionTypeLoadException: Unable to load one or more of the requested types.
Could not load file or assembly 'Microsoft.Bcl.AsyncInterfaces, Version=1.0.0.0, Culture=neutral, PublicKeyToken=cc7b13ffcd2ddd51'. Не удается найти указанный файл.
   at System.Reflection.RuntimeModule.GetTypes(RuntimeModule module)
   at System.Reflection.Assembly.GetTypes()
   at Microsoft.VisualStudio.TestPlatform.Common.ExtensionFramework.TestPluginDiscoverer.GetTestExtensionsFromAssembly[TPluginInfo,TExtension](Assembly assembly, Dictionary`2 pluginInfos, String filePath) in /_/src/Microsoft.TestPlatform.Common/ExtensionFramework/TestPluginDiscoverer.cs:line 158
System.IO.FileNotFoundException: Could not load file or assembly 'Microsoft.Bcl.AsyncInterfaces, Version=1.0.0.0, Culture=neutral, PublicKeyToken=cc7b13ffcd2ddd51'. Не удается найти указанный файл.
File name: 'Microsoft.Bcl.AsyncInterfaces, Version=1.0.0.0, Culture=neutral, PublicKeyToken=cc7b13ffcd2ddd51'
 ---> System.IO.FileNotFoundException: Could not load file or assembly 'Microsoft.Bcl.AsyncInterfaces, Culture=neutral, PublicKeyToken=null'. Не удается найти указанный файл.
File name: 'Microsoft.Bcl.AsyncInterfaces, Culture=neutral, PublicKeyToken=null'
   at System.Reflection.RuntimeAssembly.InternalLoad(AssemblyName assemblyName, StackCrawlMark& stackMark, AssemblyLoadContext assemblyLoadContext, RuntimeAssembly requestingAssembly, Boolean throwOnFileNotFound)
   at System.Reflection.Assembly.Load(AssemblyName assemblyRef)
   at Microsoft.VisualStudio.TestPlatform.Common.ExtensionFramework.TestPluginCache.CurrentDomainAssemblyResolve(Object sender, AssemblyResolveEventArgs args) in /_/src/Microsoft.TestPlatform.Common/ExtensionFramework/TestPluginCache.cs:line 513
   at System.Runtime.Loader.AssemblyLoadContext.GetFirstResolvedAssemblyFromResolvingEvent(AssemblyName assemblyName)
   at System.Runtime.Loader.AssemblyLoadContext.ResolveUsingEvent(AssemblyName assemblyName)
   at System.Runtime.Loader.AssemblyLoadContext.ResolveUsingResolvingEvent(IntPtr gchManagedAssemblyLoadContext, AssemblyName assemblyName)
TpTrace Warning: 0 : 14804, 1, 2024/04/28, 21:20:56.002, 14837745164741, vstest.console.dll, LoaderExceptions: System.IO.FileNotFoundException: Could not load file or assembly 'Microsoft.Bcl.AsyncInterfaces, Version=1.0.0.0, Culture=neutral, PublicKeyToken=cc7b13ffcd2ddd51'. Не удается найти указанный файл.
File name: 'Microsoft.Bcl.AsyncInterfaces, Version=1.0.0.0, Culture=neutral, PublicKeyToken=cc7b13ffcd2ddd51'
 ---> System.IO.FileNotFoundException: Could not load file or assembly 'Microsoft.Bcl.AsyncInterfaces, Culture=neutral, PublicKeyToken=null'. Не удается найти указанный файл.
File name: 'Microsoft.Bcl.AsyncInterfaces, Culture=neutral, PublicKeyToken=null'
   at System.Reflection.RuntimeAssembly.InternalLoad(AssemblyName assemblyName, StackCrawlMark& stackMark, AssemblyLoadContext assemblyLoadContext, RuntimeAssembly requestingAssembly, Boolean throwOnFileNotFound)
   at System.Reflection.Assembly.Load(AssemblyName assemblyRef)
   at Microsoft.VisualStudio.TestPlatform.Common.ExtensionFramework.TestPluginCache.CurrentDomainAssemblyResolve(Object sender, AssemblyResolveEventArgs args) in /_/src/Microsoft.TestPlatform.Common/ExtensionFramework/TestPluginCache.cs:line 513
   at System.Runtime.Loader.AssemblyLoadContext.GetFirstResolvedAssemblyFromResolvingEvent(AssemblyName assemblyName)
   at System.Runtime.Loader.AssemblyLoadContext.ResolveUsingEvent(AssemblyName assemblyName)
   at System.Runtime.Loader.AssemblyLoadContext.ResolveUsingResolvingEvent(IntPtr gchManagedAssemblyLoadContext, AssemblyName assemblyName)
TpTrace Information: 0 : 14804, 1, 2024/04/28, 21:20:56.002, 14837745166165, vstest.console.dll, AssemblyResolver.OnResolve: Microsoft.TestPlatform.Extensions.BlameDataCollector: Resolving assembly.
TpTrace Information: 0 : 14804, 1, 2024/04/28, 21:20:56.002, 14837745166527, vstest.console.dll, AssemblyResolver.OnResolve: Microsoft.TestPlatform.Extensions.BlameDataCollector: Searching in: 'C:\Program Files\dotnet\sdk\7.0.403\Extensions'.
TpTrace Information: 0 : 14804, 1, 2024/04/28, 21:20:56.002, 14837745169403, vstest.console.dll, AssemblyResolver.OnResolve: Microsoft.TestPlatform.Extensions.BlameDataCollector: Loading assembly 'C:\Program Files\dotnet\sdk\7.0.403\Extensions\Microsoft.TestPlatform.Extensions.BlameDataCollector.dll'.
TpTrace Information: 0 : 14804, 1, 2024/04/28, 21:20:56.003, 14837745172041, vstest.console.dll, AssemblyResolver.OnResolve: Resolved assembly: Microsoft.TestPlatform.Extensions.BlameDataCollector, from path: C:\Program Files\dotnet\sdk\7.0.403\Extensions\Microsoft.TestPlatform.Extensions.BlameDataCollector.dll
TpTrace Verbose: 0 : 14804, 1, 2024/04/28, 21:20:56.003, 14837745172587, vstest.console.dll, MetadataReaderExtensionsHelper: Discovering extensions inside assembly 'Microsoft.TestPlatform.Extensions.BlameDataCollector, Version=15.0.0.0, Culture=neutral, PublicKeyToken=b03f5f7f11d50a3a' file path 'C:\Program Files\dotnet\sdk\7.0.403\Extensions\Microsoft.TestPlatform.Extensions.BlameDataCollector.dll'
TpTrace Information: 0 : 14804, 1, 2024/04/28, 21:20:56.004, 14837745182707, vstest.console.dll, AssemblyResolver.OnResolve: Microsoft.TestPlatform.Extensions.EventLogCollector: Resolving assembly.
TpTrace Information: 0 : 14804, 1, 2024/04/28, 21:20:56.004, 14837745183625, vstest.console.dll, AssemblyResolver.OnResolve: Microsoft.TestPlatform.Extensions.EventLogCollector: Searching in: 'C:\Program Files\dotnet\sdk\7.0.403\Extensions'.
TpTrace Information: 0 : 14804, 1, 2024/04/28, 21:20:56.004, 14837745185886, vstest.console.dll, AssemblyResolver.OnResolve: Microsoft.TestPlatform.Extensions.EventLogCollector: Loading assembly 'C:\Program Files\dotnet\sdk\7.0.403\Extensions\Microsoft.TestPlatform.Extensions.EventLogCollector.dll'.
TpTrace Information: 0 : 14804, 1, 2024/04/28, 21:20:56.004, 14837745187723, vstest.console.dll, AssemblyResolver.OnResolve: Resolved assembly: Microsoft.TestPlatform.Extensions.EventLogCollector, from path: C:\Program Files\dotnet\sdk\7.0.403\Extensions\Microsoft.TestPlatform.Extensions.EventLogCollector.dll
TpTrace Verbose: 0 : 14804, 1, 2024/04/28, 21:20:56.004, 14837745188058, vstest.console.dll, MetadataReaderExtensionsHelper: Discovering extensions inside assembly 'Microsoft.TestPlatform.Extensions.EventLogCollector, Version=15.0.0.0, Culture=neutral, PublicKeyToken=b03f5f7f11d50a3a' file path 'C:\Program Files\dotnet\sdk\7.0.403\Extensions\Microsoft.TestPlatform.Extensions.EventLogCollector.dll'
TpTrace Information: 0 : 14804, 1, 2024/04/28, 21:20:56.005, 14837745199765, vstest.console.dll, AssemblyResolver.OnResolve: Microsoft.TestPlatform.TestHostRuntimeProvider: Resolving assembly.
TpTrace Information: 0 : 14804, 1, 2024/04/28, 21:20:56.005, 14837745200243, vstest.console.dll, AssemblyResolver.OnResolve: Microsoft.TestPlatform.TestHostRuntimeProvider: Searching in: 'C:\Program Files\dotnet\sdk\7.0.403\Extensions'.
TpTrace Information: 0 : 14804, 1, 2024/04/28, 21:20:56.006, 14837745210615, vstest.console.dll, AssemblyResolver.OnResolve: Microsoft.TestPlatform.TestHostRuntimeProvider: Loading assembly 'C:\Program Files\dotnet\sdk\7.0.403\Extensions\Microsoft.TestPlatform.TestHostRuntimeProvider.dll'.
TpTrace Information: 0 : 14804, 1, 2024/04/28, 21:20:56.008, 14837745222586, vstest.console.dll, AssemblyResolver.OnResolve: Resolved assembly: Microsoft.TestPlatform.TestHostRuntimeProvider, from path: C:\Program Files\dotnet\sdk\7.0.403\Extensions\Microsoft.TestPlatform.TestHostRuntimeProvider.dll
TpTrace Verbose: 0 : 14804, 1, 2024/04/28, 21:20:56.008, 14837745223227, vstest.console.dll, MetadataReaderExtensionsHelper: Discovering extensions inside assembly 'Microsoft.TestPlatform.TestHostRuntimeProvider, Version=15.0.0.0, Culture=neutral, PublicKeyToken=b03f5f7f11d50a3a' file path 'C:\Program Files\dotnet\sdk\7.0.403\Extensions\Microsoft.TestPlatform.TestHostRuntimeProvider.dll'
TpTrace Information: 0 : 14804, 1, 2024/04/28, 21:20:56.009, 14837745241807, vstest.console.dll, GetTestExtensionFromType: Register extension with identifier data 'HostProvider://DefaultTestHost' and type 'Microsoft.VisualStudio.TestPlatform.CrossPlatEngine.Hosting.DefaultTestHostManager, Microsoft.TestPlatform.TestHostRuntimeProvider, Version=15.0.0.0, Culture=neutral, PublicKeyToken=b03f5f7f11d50a3a' inside file 'C:\Program Files\dotnet\sdk\7.0.403\Extensions\Microsoft.TestPlatform.TestHostRuntimeProvider.dll'
TpTrace Information: 0 : 14804, 1, 2024/04/28, 21:20:56.010, 14837745243446, vstest.console.dll, GetTestExtensionFromType: Register extension with identifier data 'HostProvider://DotnetTestHost' and type 'Microsoft.VisualStudio.TestPlatform.CrossPlatEngine.Hosting.DotnetTestHostManager, Microsoft.TestPlatform.TestHostRuntimeProvider, Version=15.0.0.0, Culture=neutral, PublicKeyToken=b03f5f7f11d50a3a' inside file 'C:\Program Files\dotnet\sdk\7.0.403\Extensions\Microsoft.TestPlatform.TestHostRuntimeProvider.dll'
TpTrace Information: 0 : 14804, 1, 2024/04/28, 21:20:56.010, 14837745243974, vstest.console.dll, AssemblyResolver.OnResolve: Microsoft.VisualStudio.TestPlatform.Extensions.Html.TestLogger: Resolving assembly.
TpTrace Information: 0 : 14804, 1, 2024/04/28, 21:20:56.010, 14837745244203, vstest.console.dll, AssemblyResolver.OnResolve: Microsoft.VisualStudio.TestPlatform.Extensions.Html.TestLogger: Searching in: 'C:\Program Files\dotnet\sdk\7.0.403\Extensions'.
TpTrace Information: 0 : 14804, 1, 2024/04/28, 21:20:56.011, 14837745256002, vstest.console.dll, AssemblyResolver.OnResolve: Microsoft.VisualStudio.TestPlatform.Extensions.Html.TestLogger: Loading assembly 'C:\Program Files\dotnet\sdk\7.0.403\Extensions\Microsoft.VisualStudio.TestPlatform.Extensions.Html.TestLogger.dll'.
TpTrace Information: 0 : 14804, 1, 2024/04/28, 21:20:56.011, 14837745261059, vstest.console.dll, AssemblyResolver.OnResolve: Resolved assembly: Microsoft.VisualStudio.TestPlatform.Extensions.Html.TestLogger, from path: C:\Program Files\dotnet\sdk\7.0.403\Extensions\Microsoft.VisualStudio.TestPlatform.Extensions.Html.TestLogger.dll
TpTrace Verbose: 0 : 14804, 1, 2024/04/28, 21:20:56.011, 14837745261658, vstest.console.dll, MetadataReaderExtensionsHelper: Discovering extensions inside assembly 'Microsoft.VisualStudio.TestPlatform.Extensions.Html.TestLogger, Version=15.0.0.0, Culture=neutral, PublicKeyToken=b03f5f7f11d50a3a' file path 'C:\Program Files\dotnet\sdk\7.0.403\Extensions\Microsoft.VisualStudio.TestPlatform.Extensions.Html.TestLogger.dll'
TpTrace Information: 0 : 14804, 1, 2024/04/28, 21:20:56.013, 14837745274698, vstest.console.dll, AssemblyResolver.OnResolve: Microsoft.VisualStudio.TestPlatform.Extensions.Trx.TestLogger: Resolving assembly.
TpTrace Information: 0 : 14804, 1, 2024/04/28, 21:20:56.013, 14837745275359, vstest.console.dll, AssemblyResolver.OnResolve: Microsoft.VisualStudio.TestPlatform.Extensions.Trx.TestLogger: Searching in: 'C:\Program Files\dotnet\sdk\7.0.403\Extensions'.
TpTrace Information: 0 : 14804, 1, 2024/04/28, 21:20:56.014, 14837745290420, vstest.console.dll, AssemblyResolver.OnResolve: Microsoft.VisualStudio.TestPlatform.Extensions.Trx.TestLogger: Loading assembly 'C:\Program Files\dotnet\sdk\7.0.403\Extensions\Microsoft.VisualStudio.TestPlatform.Extensions.Trx.TestLogger.dll'.
TpTrace Information: 0 : 14804, 1, 2024/04/28, 21:20:56.016, 14837745304741, vstest.console.dll, AssemblyResolver.OnResolve: Resolved assembly: Microsoft.VisualStudio.TestPlatform.Extensions.Trx.TestLogger, from path: C:\Program Files\dotnet\sdk\7.0.403\Extensions\Microsoft.VisualStudio.TestPlatform.Extensions.Trx.TestLogger.dll
TpTrace Verbose: 0 : 14804, 1, 2024/04/28, 21:20:56.016, 14837745305462, vstest.console.dll, MetadataReaderExtensionsHelper: Discovering extensions inside assembly 'Microsoft.VisualStudio.TestPlatform.Extensions.Trx.TestLogger, Version=15.0.0.0, Culture=neutral, PublicKeyToken=b03f5f7f11d50a3a' file path 'C:\Program Files\dotnet\sdk\7.0.403\Extensions\Microsoft.VisualStudio.TestPlatform.Extensions.Trx.TestLogger.dll'
TpTrace Verbose: 0 : 14804, 1, 2024/04/28, 21:20:56.017, 14837745319347, vstest.console.dll, TestPluginCache: Discovered the extensions using extension path ''.
TpTrace Verbose: 0 : 14804, 1, 2024/04/28, 21:20:56.017, 14837745319862, vstest.console.dll, TestPluginCache: Discoverers are ''.
TpTrace Verbose: 0 : 14804, 1, 2024/04/28, 21:20:56.017, 14837745320022, vstest.console.dll, TestPluginCache: Executors are ''.
TpTrace Verbose: 0 : 14804, 1, 2024/04/28, 21:20:56.017, 14837745320137, vstest.console.dll, TestPluginCache: Executors2 are ''.
TpTrace Verbose: 0 : 14804, 1, 2024/04/28, 21:20:56.017, 14837745320241, vstest.console.dll, TestPluginCache: Setting providers are ''.
TpTrace Verbose: 0 : 14804, 1, 2024/04/28, 21:20:56.017, 14837745320341, vstest.console.dll, TestPluginCache: Loggers are ''.
TpTrace Verbose: 0 : 14804, 1, 2024/04/28, 21:20:56.017, 14837745321123, vstest.console.dll, TestPluginCache: TestHosts are 'HostProvider://DefaultTestHost,HostProvider://DotnetTestHost'.
TpTrace Verbose: 0 : 14804, 1, 2024/04/28, 21:20:56.017, 14837745321258, vstest.console.dll, TestPluginCache: DataCollectors are ''.
TpTrace Information: 0 : 14804, 1, 2024/04/28, 21:20:56.025, 14837745401367, vstest.console.dll, RunTestsArgumentProcessor:Execute: Test run is starting.
TpTrace Verbose: 0 : 14804, 1, 2024/04/28, 21:20:56.026, 14837745402040, vstest.console.dll, RunTestsArgumentProcessor:Execute: Queuing Test run.
TpTrace Information: 0 : 14804, 1, 2024/04/28, 21:20:56.026, 14837745407396, vstest.console.dll, TestRequestManager.RunTests: run tests started.
TpTrace Information: 0 : 14804, 1, 2024/04/28, 21:20:56.027, 14837745416147, vstest.console.dll, AssemblyMetadataProvider.GetFrameworkName: Determined framework:'.NETCoreApp,Version=v6.0' for source: 'C:\Users\Ilya\Dropbox\Тестирование\Lab4\DiscountSystem\DiscountSystem.Test\bin\Debug\net6.0\fine-code-coverage\build-output\DiscountSystem.Test.dll'
TpTrace Information: 0 : 14804, 1, 2024/04/28, 21:20:56.027, 14837745417222, vstest.console.dll, Determined framework for all sources: .NETCoreApp,Version=v6.0
TpTrace Verbose: 0 : 14804, 1, 2024/04/28, 21:20:56.027, 14837745419995, vstest.console.dll, TestRequestManager.UpdateRunSettingsIfRequired: Default architecture: X64 IsDefaultTargetArchitecture: True, Current process architecture: X64 OperatingSystem: Windows.
TpTrace Information: 0 : 14804, 1, 2024/04/28, 21:20:56.029, 14837745433431, vstest.console.dll, AssemblyMetadataProvider.GetArchitecture: Determined architecture:AnyCPU info for assembly: C:\Users\Ilya\Dropbox\Тестирование\Lab4\DiscountSystem\DiscountSystem.Test\bin\Debug\net6.0\fine-code-coverage\build-output\DiscountSystem.Test.dll
TpTrace Information: 0 : 14804, 1, 2024/04/28, 21:20:56.029, 14837745433793, vstest.console.dll, Determined platform for source 'C:\Users\Ilya\Dropbox\Тестирование\Lab4\DiscountSystem\DiscountSystem.Test\bin\Debug\net6.0\fine-code-coverage\build-output\DiscountSystem.Test.dll' was AnyCPU and it will use the default plaform X64.
TpTrace Information: 0 : 14804, 1, 2024/04/28, 21:20:56.029, 14837745433935, vstest.console.dll, None of the sources provided any runnable platform, using the default platform: X64
TpTrace Information: 0 : 14804, 1, 2024/04/28, 21:20:56.029, 14837745434466, vstest.console.dll, Platform was updated to 'X64'.
TpTrace Information: 0 : 14804, 1, 2024/04/28, 21:20:56.035, 14837745500280, vstest.console.dll, InferRunSettingsHelper.IsTestSettingsEnabled: Unable to navigate to RunSettings/MSTest. Current node: RunSettings
TpTrace Information: 0 : 14804, 1, 2024/04/28, 21:20:56.036, 14837745505401, vstest.console.dll, AssemblyResolver.OnResolve: Microsoft.VisualStudio.TestPlatform.Fakes: Resolving assembly.
TpTrace Information: 0 : 14804, 1, 2024/04/28, 21:20:56.036, 14837745505994, vstest.console.dll, AssemblyResolver.OnResolve: Microsoft.VisualStudio.TestPlatform.Fakes: Searching in: 'C:\Program Files\dotnet\sdk\7.0.403\Extensions'.
TpTrace Information: 0 : 14804, 1, 2024/04/28, 21:20:56.036, 14837745506636, vstest.console.dll, AssemblyResolver.OnResolve: Microsoft.VisualStudio.TestPlatform.Fakes: Assembly path does not exist: 'C:\Program Files\dotnet\sdk\7.0.403\Extensions\Microsoft.VisualStudio.TestPlatform.Fakes.dll', returning.
TpTrace Information: 0 : 14804, 1, 2024/04/28, 21:20:56.036, 14837745506959, vstest.console.dll, AssemblyResolver.OnResolve: Microsoft.VisualStudio.TestPlatform.Fakes: Assembly path does not exist: 'C:\Program Files\dotnet\sdk\7.0.403\Extensions\Microsoft.VisualStudio.TestPlatform.Fakes.exe', returning.
TpTrace Information: 0 : 14804, 1, 2024/04/28, 21:20:56.036, 14837745507072, vstest.console.dll, AssemblyResolver.OnResolve: Microsoft.VisualStudio.TestPlatform.Fakes: Searching in: 'C:\Program Files\dotnet\sdk\7.0.403'.
TpTrace Information: 0 : 14804, 1, 2024/04/28, 21:20:56.036, 14837745507400, vstest.console.dll, AssemblyResolver.OnResolve: Microsoft.VisualStudio.TestPlatform.Fakes: Assembly path does not exist: 'C:\Program Files\dotnet\sdk\7.0.403\Microsoft.VisualStudio.TestPlatform.Fakes.dll', returning.
TpTrace Information: 0 : 14804, 1, 2024/04/28, 21:20:56.036, 14837745507726, vstest.console.dll, AssemblyResolver.OnResolve: Microsoft.VisualStudio.TestPlatform.Fakes: Assembly path does not exist: 'C:\Program Files\dotnet\sdk\7.0.403\Microsoft.VisualStudio.TestPlatform.Fakes.exe', returning.
TpTrace Information: 0 : 14804, 1, 2024/04/28, 21:20:56.036, 14837745507896, vstest.console.dll, AssemblyResolver.OnResolve: Microsoft.VisualStudio.TestPlatform.Fakes: Failed to load assembly.
TpTrace Information: 0 : 14804, 1, 2024/04/28, 21:20:56.036, 14837745509733, vstest.console.dll, Failed to load assembly Microsoft.VisualStudio.TestPlatform.Fakes, Version=17.0.0.0, Culture=neutral. Reason:System.IO.FileNotFoundException: Could not load file or assembly 'Microsoft.VisualStudio.TestPlatform.Fakes, Version=17.0.0.0, Culture=neutral, PublicKeyToken=null'. Не удается найти указанный файл.
File name: 'Microsoft.VisualStudio.TestPlatform.Fakes, Version=17.0.0.0, Culture=neutral, PublicKeyToken=null'
   at System.Reflection.RuntimeAssembly.InternalLoad(AssemblyName assemblyName, StackCrawlMark& stackMark, AssemblyLoadContext assemblyLoadContext, RuntimeAssembly requestingAssembly, Boolean throwOnFileNotFound)
   at System.Reflection.Assembly.Load(AssemblyName assemblyRef)
   at Microsoft.VisualStudio.TestPlatform.Common.Utilities.FakesUtilities.LoadTestPlatformAssembly() in /_/src/Microsoft.TestPlatform.Common/Utilities/FakesUtilities.cs:line 272
TpTrace Verbose: 0 : 14804, 1, 2024/04/28, 21:20:56.040, 14837745546535, vstest.console.dll, TestPluginCache.DiscoverTestExtensions: finding test extensions in assemblies ends with: TestLogger.dll TPluginInfo: Microsoft.VisualStudio.TestPlatform.Common.ExtensionFramework.Utilities.TestLoggerPluginInformation TExtension: Microsoft.VisualStudio.TestPlatform.ObjectModel.Client.ITestLogger
TpTrace Verbose: 0 : 14804, 1, 2024/04/28, 21:20:56.040, 14837745547476, vstest.console.dll, TestPluginCache.GetExtensionPaths: Filtered extension paths: 
TpTrace Verbose: 0 : 14804, 1, 2024/04/28, 21:20:56.040, 14837745547639, vstest.console.dll, TestPluginCache.GetExtensionPaths: Added default extension paths: C:\Program Files\dotnet\sdk\7.0.403\Extensions\Microsoft.Diagnostics.NETCore.Client.dll
C:\Program Files\dotnet\sdk\7.0.403\Extensions\Microsoft.TestPlatform.Extensions.BlameDataCollector.dll
C:\Program Files\dotnet\sdk\7.0.403\Extensions\Microsoft.TestPlatform.Extensions.EventLogCollector.dll
C:\Program Files\dotnet\sdk\7.0.403\Extensions\Microsoft.TestPlatform.TestHostRuntimeProvider.dll
C:\Program Files\dotnet\sdk\7.0.403\Extensions\Microsoft.VisualStudio.TestPlatform.Extensions.Html.TestLogger.dll
C:\Program Files\dotnet\sdk\7.0.403\Extensions\Microsoft.VisualStudio.TestPlatform.Extensions.Trx.TestLogger.dll
TpTrace Verbose: 0 : 14804, 1, 2024/04/28, 21:20:56.040, 14837745547756, vstest.console.dll, TestPluginCache.GetExtensionPaths: Added unfilterableExtensionPaths: 
TpTrace Information: 0 : 14804, 1, 2024/04/28, 21:20:56.040, 14837745548592, vstest.console.dll, AssemblyResolver.AddSearchDirectories: Adding more searchDirectories C:\Program Files\dotnet\sdk\7.0.403\Extensions,C:\Program Files\dotnet\sdk\7.0.403
TpTrace Verbose: 0 : 14804, 1, 2024/04/28, 21:20:56.040, 14837745548790, vstest.console.dll, TestPluginCache.DiscoverTestExtensions: Discovering the extensions using extension path.
TpTrace Verbose: 0 : 14804, 1, 2024/04/28, 21:20:56.040, 14837745548938, vstest.console.dll, TestPluginCache.GetExtensionPaths: Filtered extension paths: 
TpTrace Verbose: 0 : 14804, 1, 2024/04/28, 21:20:56.040, 14837745549061, vstest.console.dll, TestPluginCache.GetExtensionPaths: Added default extension paths: C:\Program Files\dotnet\sdk\7.0.403\Extensions\Microsoft.Diagnostics.NETCore.Client.dll
C:\Program Files\dotnet\sdk\7.0.403\Extensions\Microsoft.TestPlatform.Extensions.BlameDataCollector.dll
C:\Program Files\dotnet\sdk\7.0.403\Extensions\Microsoft.TestPlatform.Extensions.EventLogCollector.dll
C:\Program Files\dotnet\sdk\7.0.403\Extensions\Microsoft.TestPlatform.TestHostRuntimeProvider.dll
C:\Program Files\dotnet\sdk\7.0.403\Extensions\Microsoft.VisualStudio.TestPlatform.Extensions.Html.TestLogger.dll
C:\Program Files\dotnet\sdk\7.0.403\Extensions\Microsoft.VisualStudio.TestPlatform.Extensions.Trx.TestLogger.dll
TpTrace Verbose: 0 : 14804, 1, 2024/04/28, 21:20:56.040, 14837745549513, vstest.console.dll, TestPluginCache.GetExtensionPaths: Added unfilterableExtensionPaths: 
TpTrace Verbose: 0 : 14804, 1, 2024/04/28, 21:20:56.040, 14837745549701, vstest.console.dll, TestPluginCache.DiscoverTestExtensions: Discovering the extensions using allExtensionPaths: C:\Program Files\dotnet\sdk\7.0.403\Extensions\Microsoft.Diagnostics.NETCore.Client.dll
C:\Program Files\dotnet\sdk\7.0.403\Extensions\Microsoft.TestPlatform.Extensions.BlameDataCollector.dll
C:\Program Files\dotnet\sdk\7.0.403\Extensions\Microsoft.TestPlatform.Extensions.EventLogCollector.dll
C:\Program Files\dotnet\sdk\7.0.403\Extensions\Microsoft.TestPlatform.TestHostRuntimeProvider.dll
C:\Program Files\dotnet\sdk\7.0.403\Extensions\Microsoft.VisualStudio.TestPlatform.Extensions.Html.TestLogger.dll
C:\Program Files\dotnet\sdk\7.0.403\Extensions\Microsoft.VisualStudio.TestPlatform.Extensions.Trx.TestLogger.dll
TpTrace Information: 0 : 14804, 1, 2024/04/28, 21:20:56.040, 14837745549893, vstest.console.dll, AssemblyResolver.AddSearchDirectories: Adding more searchDirectories C:\Program Files\dotnet\sdk\7.0.403\Extensions,C:\Program Files\dotnet\sdk\7.0.403
TpTrace Information: 0 : 14804, 1, 2024/04/28, 21:20:56.040, 14837745550035, vstest.console.dll, AssemblyResolver.AddSearchDirectories: Adding more searchDirectories C:\Program Files\dotnet\sdk\7.0.403\Extensions,C:\Program Files\dotnet\sdk\7.0.403
TpTrace Information: 0 : 14804, 1, 2024/04/28, 21:20:56.040, 14837745550159, vstest.console.dll, AssemblyResolver.AddSearchDirectories: Adding more searchDirectories C:\Program Files\dotnet\sdk\7.0.403\Extensions,C:\Program Files\dotnet\sdk\7.0.403
TpTrace Information: 0 : 14804, 1, 2024/04/28, 21:20:56.040, 14837745550268, vstest.console.dll, AssemblyResolver.AddSearchDirectories: Adding more searchDirectories C:\Program Files\dotnet\sdk\7.0.403\Extensions,C:\Program Files\dotnet\sdk\7.0.403
TpTrace Information: 0 : 14804, 1, 2024/04/28, 21:20:56.040, 14837745550401, vstest.console.dll, AssemblyResolver.AddSearchDirectories: Adding more searchDirectories C:\Program Files\dotnet\sdk\7.0.403\Extensions,C:\Program Files\dotnet\sdk\7.0.403
TpTrace Information: 0 : 14804, 1, 2024/04/28, 21:20:56.040, 14837745550510, vstest.console.dll, AssemblyResolver.AddSearchDirectories: Adding more searchDirectories C:\Program Files\dotnet\sdk\7.0.403\Extensions,C:\Program Files\dotnet\sdk\7.0.403
TpTrace Verbose: 0 : 14804, 1, 2024/04/28, 21:20:56.040, 14837745551088, vstest.console.dll, MetadataReaderExtensionsHelper: Discovering extensions inside assembly 'Microsoft.Diagnostics.NETCore.Client, Version=0.2.8.21101, Culture=neutral, PublicKeyToken=31bf3856ad364e35' file path 'C:\Program Files\dotnet\sdk\7.0.403\Extensions\Microsoft.Diagnostics.NETCore.Client.dll'
TpTrace Information: 0 : 14804, 1, 2024/04/28, 21:20:56.041, 14837745555616, vstest.console.dll, AssemblyResolver.OnResolve: Microsoft.Bcl.AsyncInterfaces: Resolving assembly.
TpTrace Information: 0 : 14804, 1, 2024/04/28, 21:20:56.041, 14837745556011, vstest.console.dll, AssemblyResolver.OnResolve: Microsoft.Bcl.AsyncInterfaces: Resolved from cache.
TpTrace Verbose: 0 : 14804, 1, 2024/04/28, 21:20:56.041, 14837745556144, vstest.console.dll, CurrentDomainAssemblyResolve: Resolving assembly 'Microsoft.Bcl.AsyncInterfaces'.
TpTrace Information: 0 : 14804, 1, 2024/04/28, 21:20:56.041, 14837745556364, vstest.console.dll, AssemblyResolver.OnResolve: Microsoft.Bcl.AsyncInterfaces: Resolving assembly.
TpTrace Information: 0 : 14804, 1, 2024/04/28, 21:20:56.041, 14837745556469, vstest.console.dll, AssemblyResolver.OnResolve: Microsoft.Bcl.AsyncInterfaces: Resolved from cache.
TpTrace Verbose: 0 : 14804, 1, 2024/04/28, 21:20:56.041, 14837745556602, vstest.console.dll, CurrentDomainAssemblyResolve: Resolving assembly 'Microsoft.Bcl.AsyncInterfaces'.
TpTrace Verbose: 0 : 14804, 1, 2024/04/28, 21:20:56.041, 14837745556705, vstest.console.dll, CurrentDomainAssemblyResolve: Failed to resolve assembly 'Microsoft.Bcl.AsyncInterfaces'.
TpTrace Verbose: 0 : 14804, 1, 2024/04/28, 21:20:56.041, 14837745557797, vstest.console.dll, CurrentDomainAssemblyResolve: Failed to resolve assembly 'Microsoft.Bcl.AsyncInterfaces'.
TpTrace Warning: 0 : 14804, 1, 2024/04/28, 21:20:56.041, 14837745559835, vstest.console.dll, TestPluginDiscoverer: Failed to get types from assembly 'Microsoft.Diagnostics.NETCore.Client, Version=0.2.8.21101, Culture=neutral, PublicKeyToken=31bf3856ad364e35'. Error: System.Reflection.ReflectionTypeLoadException: Unable to load one or more of the requested types.
Could not load file or assembly 'Microsoft.Bcl.AsyncInterfaces, Version=1.0.0.0, Culture=neutral, PublicKeyToken=cc7b13ffcd2ddd51'. Не удается найти указанный файл.
   at System.Reflection.RuntimeModule.GetTypes(RuntimeModule module)
   at System.Reflection.Assembly.GetTypes()
   at Microsoft.VisualStudio.TestPlatform.Common.ExtensionFramework.TestPluginDiscoverer.GetTestExtensionsFromAssembly[TPluginInfo,TExtension](Assembly assembly, Dictionary`2 pluginInfos, String filePath) in /_/src/Microsoft.TestPlatform.Common/ExtensionFramework/TestPluginDiscoverer.cs:line 158
System.IO.FileNotFoundException: Could not load file or assembly 'Microsoft.Bcl.AsyncInterfaces, Version=1.0.0.0, Culture=neutral, PublicKeyToken=cc7b13ffcd2ddd51'. Не удается найти указанный файл.
File name: 'Microsoft.Bcl.AsyncInterfaces, Version=1.0.0.0, Culture=neutral, PublicKeyToken=cc7b13ffcd2ddd51'
 ---> System.IO.FileNotFoundException: Could not load file or assembly 'Microsoft.Bcl.AsyncInterfaces, Culture=neutral, PublicKeyToken=null'. Не удается найти указанный файл.
File name: 'Microsoft.Bcl.AsyncInterfaces, Culture=neutral, PublicKeyToken=null'
   at System.Reflection.RuntimeAssembly.InternalLoad(AssemblyName assemblyName, StackCrawlMark& stackMark, AssemblyLoadContext assemblyLoadContext, RuntimeAssembly requestingAssembly, Boolean throwOnFileNotFound)
   at System.Reflection.Assembly.Load(AssemblyName assemblyRef)
   at Microsoft.VisualStudio.TestPlatform.Common.ExtensionFramework.TestPluginCache.CurrentDomainAssemblyResolve(Object sender, AssemblyResolveEventArgs args) in /_/src/Microsoft.TestPlatform.Common/ExtensionFramework/TestPluginCache.cs:line 513
   at System.Runtime.Loader.AssemblyLoadContext.GetFirstResolvedAssemblyFromResolvingEvent(AssemblyName assemblyName)
   at System.Runtime.Loader.AssemblyLoadContext.ResolveUsingEvent(AssemblyName assemblyName)
   at System.Runtime.Loader.AssemblyLoadContext.ResolveUsingResolvingEvent(IntPtr gchManagedAssemblyLoadContext, AssemblyName assemblyName)
TpTrace Warning: 0 : 14804, 1, 2024/04/28, 21:20:56.041, 14837745560639, vstest.console.dll, LoaderExceptions: System.IO.FileNotFoundException: Could not load file or assembly 'Microsoft.Bcl.AsyncInterfaces, Version=1.0.0.0, Culture=neutral, PublicKeyToken=cc7b13ffcd2ddd51'. Не удается найти указанный файл.
File name: 'Microsoft.Bcl.AsyncInterfaces, Version=1.0.0.0, Culture=neutral, PublicKeyToken=cc7b13ffcd2ddd51'
 ---> System.IO.FileNotFoundException: Could not load file or assembly 'Microsoft.Bcl.AsyncInterfaces, Culture=neutral, PublicKeyToken=null'. Не удается найти указанный файл.
File name: 'Microsoft.Bcl.AsyncInterfaces, Culture=neutral, PublicKeyToken=null'
   at System.Reflection.RuntimeAssembly.InternalLoad(AssemblyName assemblyName, StackCrawlMark& stackMark, AssemblyLoadContext assemblyLoadContext, RuntimeAssembly requestingAssembly, Boolean throwOnFileNotFound)
   at System.Reflection.Assembly.Load(AssemblyName assemblyRef)
   at Microsoft.VisualStudio.TestPlatform.Common.ExtensionFramework.TestPluginCache.CurrentDomainAssemblyResolve(Object sender, AssemblyResolveEventArgs args) in /_/src/Microsoft.TestPlatform.Common/ExtensionFramework/TestPluginCache.cs:line 513
   at System.Runtime.Loader.AssemblyLoadContext.GetFirstResolvedAssemblyFromResolvingEvent(AssemblyName assemblyName)
   at System.Runtime.Loader.AssemblyLoadContext.ResolveUsingEvent(AssemblyName assemblyName)
   at System.Runtime.Loader.AssemblyLoadContext.ResolveUsingResolvingEvent(IntPtr gchManagedAssemblyLoadContext, AssemblyName assemblyName)
TpTrace Verbose: 0 : 14804, 1, 2024/04/28, 21:20:56.041, 14837745561035, vstest.console.dll, MetadataReaderExtensionsHelper: Discovering extensions inside assembly 'Microsoft.TestPlatform.Extensions.BlameDataCollector, Version=15.0.0.0, Culture=neutral, PublicKeyToken=b03f5f7f11d50a3a' file path 'C:\Program Files\dotnet\sdk\7.0.403\Extensions\Microsoft.TestPlatform.Extensions.BlameDataCollector.dll'
TpTrace Information: 0 : 14804, 1, 2024/04/28, 21:20:56.042, 14837745563853, vstest.console.dll, GetTestExtensionFromType: Register extension with identifier data 'logger://Microsoft/TestPlatform/Extensions/Blame/v1' and type 'Microsoft.TestPlatform.Extensions.BlameDataCollector.BlameLogger, Microsoft.TestPlatform.Extensions.BlameDataCollector, Version=15.0.0.0, Culture=neutral, PublicKeyToken=b03f5f7f11d50a3a' inside file 'C:\Program Files\dotnet\sdk\7.0.403\Extensions\Microsoft.TestPlatform.Extensions.BlameDataCollector.dll'
TpTrace Verbose: 0 : 14804, 1, 2024/04/28, 21:20:56.042, 14837745564221, vstest.console.dll, MetadataReaderExtensionsHelper: Discovering extensions inside assembly 'Microsoft.TestPlatform.Extensions.EventLogCollector, Version=15.0.0.0, Culture=neutral, PublicKeyToken=b03f5f7f11d50a3a' file path 'C:\Program Files\dotnet\sdk\7.0.403\Extensions\Microsoft.TestPlatform.Extensions.EventLogCollector.dll'
TpTrace Verbose: 0 : 14804, 1, 2024/04/28, 21:20:56.042, 14837745565685, vstest.console.dll, MetadataReaderExtensionsHelper: Discovering extensions inside assembly 'Microsoft.TestPlatform.TestHostRuntimeProvider, Version=15.0.0.0, Culture=neutral, PublicKeyToken=b03f5f7f11d50a3a' file path 'C:\Program Files\dotnet\sdk\7.0.403\Extensions\Microsoft.TestPlatform.TestHostRuntimeProvider.dll'
TpTrace Verbose: 0 : 14804, 1, 2024/04/28, 21:20:56.042, 14837745566991, vstest.console.dll, MetadataReaderExtensionsHelper: Discovering extensions inside assembly 'Microsoft.VisualStudio.TestPlatform.Extensions.Html.TestLogger, Version=15.0.0.0, Culture=neutral, PublicKeyToken=b03f5f7f11d50a3a' file path 'C:\Program Files\dotnet\sdk\7.0.403\Extensions\Microsoft.VisualStudio.TestPlatform.Extensions.Html.TestLogger.dll'
TpTrace Information: 0 : 14804, 1, 2024/04/28, 21:20:56.042, 14837745569582, vstest.console.dll, GetTestExtensionFromType: Register extension with identifier data 'logger://Microsoft/TestPlatform/HtmlLogger/v1' and type 'Microsoft.VisualStudio.TestPlatform.Extensions.HtmlLogger.HtmlLogger, Microsoft.VisualStudio.TestPlatform.Extensions.Html.TestLogger, Version=15.0.0.0, Culture=neutral, PublicKeyToken=b03f5f7f11d50a3a' inside file 'C:\Program Files\dotnet\sdk\7.0.403\Extensions\Microsoft.VisualStudio.TestPlatform.Extensions.Html.TestLogger.dll'
TpTrace Verbose: 0 : 14804, 1, 2024/04/28, 21:20:56.042, 14837745570023, vstest.console.dll, MetadataReaderExtensionsHelper: Discovering extensions inside assembly 'Microsoft.VisualStudio.TestPlatform.Extensions.Trx.TestLogger, Version=15.0.0.0, Culture=neutral, PublicKeyToken=b03f5f7f11d50a3a' file path 'C:\Program Files\dotnet\sdk\7.0.403\Extensions\Microsoft.VisualStudio.TestPlatform.Extensions.Trx.TestLogger.dll'
TpTrace Information: 0 : 14804, 1, 2024/04/28, 21:20:56.043, 14837745572164, vstest.console.dll, GetTestExtensionFromType: Register extension with identifier data 'logger://Microsoft/TestPlatform/TrxLogger/v1' and type 'Microsoft.VisualStudio.TestPlatform.Extensions.TrxLogger.TrxLogger, Microsoft.VisualStudio.TestPlatform.Extensions.Trx.TestLogger, Version=15.0.0.0, Culture=neutral, PublicKeyToken=b03f5f7f11d50a3a' inside file 'C:\Program Files\dotnet\sdk\7.0.403\Extensions\Microsoft.VisualStudio.TestPlatform.Extensions.Trx.TestLogger.dll'
TpTrace Verbose: 0 : 14804, 1, 2024/04/28, 21:20:56.043, 14837745572670, vstest.console.dll, TestPluginCache: Discovered the extensions using extension path ''.
TpTrace Verbose: 0 : 14804, 1, 2024/04/28, 21:20:56.043, 14837745572803, vstest.console.dll, TestPluginCache: Discoverers are ''.
TpTrace Verbose: 0 : 14804, 1, 2024/04/28, 21:20:56.043, 14837745572931, vstest.console.dll, TestPluginCache: Executors are ''.
TpTrace Verbose: 0 : 14804, 1, 2024/04/28, 21:20:56.043, 14837745573068, vstest.console.dll, TestPluginCache: Executors2 are ''.
TpTrace Verbose: 0 : 14804, 1, 2024/04/28, 21:20:56.043, 14837745573167, vstest.console.dll, TestPluginCache: Setting providers are ''.
TpTrace Verbose: 0 : 14804, 1, 2024/04/28, 21:20:56.043, 14837745573503, vstest.console.dll, TestPluginCache: Loggers are 'logger://Microsoft/TestPlatform/Extensions/Blame/v1,logger://Microsoft/TestPlatform/HtmlLogger/v1,logger://Microsoft/TestPlatform/TrxLogger/v1'.
TpTrace Verbose: 0 : 14804, 1, 2024/04/28, 21:20:56.043, 14837745573680, vstest.console.dll, TestPluginCache: TestHosts are 'HostProvider://DefaultTestHost,HostProvider://DotnetTestHost'.
TpTrace Verbose: 0 : 14804, 1, 2024/04/28, 21:20:56.043, 14837745573784, vstest.console.dll, TestPluginCache: DataCollectors are ''.
TpTrace Information: 0 : 14804, 1, 2024/04/28, 21:20:56.043, 14837745579364, vstest.console.dll, TestPluginManager.CreateTestExtension: Attempting to load test extension: Microsoft.TestPlatform.Extensions.BlameDataCollector.BlameLogger
TpTrace Verbose: 0 : 14804, 1, 2024/04/28, 21:20:56.053, 14837745679145, vstest.console.dll, TestEngine: Initializing Parallel Execution as MaxCpuCount is set to: 1
TpTrace Information: 0 : 14804, 1, 2024/04/28, 21:20:56.055, 14837745693853, vstest.console.dll, TestPluginManager.CreateTestExtension: Attempting to load test extension: Microsoft.VisualStudio.TestPlatform.CrossPlatEngine.Hosting.DefaultTestHostManager
TpTrace Information: 0 : 14804, 1, 2024/04/28, 21:20:56.056, 14837745704037, vstest.console.dll, TestPluginManager.CreateTestExtension: Attempting to load test extension: Microsoft.VisualStudio.TestPlatform.CrossPlatEngine.Hosting.DotnetTestHostManager
TpTrace Information: 0 : 14804, 1, 2024/04/28, 21:20:56.056, 14837745711239, vstest.console.dll, InferRunSettingsHelper.IsTestSettingsEnabled: Unable to navigate to RunSettings/MSTest. Current node: RunSettings
TpTrace Verbose: 0 : 14804, 1, 2024/04/28, 21:20:56.057, 14837745720736, vstest.console.dll, ParallelOperationManager.ClearSlots: Clearing all slots. Slots should accept more work: True
TpTrace Verbose: 0 : 14804, 1, 2024/04/28, 21:20:56.058, 14837745725870, vstest.console.dll, ParallelOperationManager.SetOccupiedSlotCount: Setting slot counts AvailableSlotCount = 1, OccupiedSlotCount = 0.
TpTrace Verbose: 0 : 14804, 1, 2024/04/28, 21:20:56.058, 14837745728241, vstest.console.dll, Occupied slots:

TpTrace Verbose: 0 : 14804, 1, 2024/04/28, 21:20:56.060, 14837745749572, vstest.console.dll, TestEngine.GetExecutionManager: Chosen execution manager 'Microsoft.VisualStudio.TestPlatform.CrossPlatEngine.Client.Parallel.ParallelProxyExecutionManager, Microsoft.TestPlatform.CrossPlatEngine, Version=15.0.0.0, Culture=neutral, PublicKeyToken=b03f5f7f11d50a3a' ParallelLevel '1'.
TpTrace Verbose: 0 : 14804, 1, 2024/04/28, 21:20:56.060, 14837745750611, vstest.console.dll, TestRunRequest.ExecuteAsync: Creating test run request.
TpTrace Verbose: 0 : 14804, 1, 2024/04/28, 21:20:56.061, 14837745754721, vstest.console.dll, TestRunRequest.ExecuteAsync: Starting.
TpTrace Information: 0 : 14804, 1, 2024/04/28, 21:20:56.061, 14837745760270, vstest.console.dll, TestRunRequest.ExecuteAsync: Starting run with settings:TestRunCriteria:
   KeepAlive=False,FrequencyOfRunStatsChangeEvent=10,RunStatsChangeEventTimeout=00:00:01.5000000,TestCaseFilter=,TestExecutorLauncher=
   Settingsxml=<RunSettings>
  <RunConfiguration>
    <ResultsDirectory>C:\Users\Ilya\Dropbox\Тестирование\Lab4\DiscountSystem\DiscountSystem.Test\bin\Debug\net6.0\fine-code-coverage\coverage-tool-output</ResultsDirectory>
    <TargetPlatform>X64</TargetPlatform>
    <TargetFrameworkVersion>.NETCoreApp,Version=v6.0</TargetFrameworkVersion>
    <DesignMode>False</DesignMode>
    <CollectSourceInformation>False</CollectSourceInformation>
  </RunConfiguration>
  <LoggerRunSettings>
    <Loggers>
      <Logger friendlyName="blame" enabled="True" />
      <Logger friendlyName="Console" uri="logger://microsoft/TestPlatform/ConsoleLogger/v1" assemblyQualifiedName="Microsoft.VisualStudio.TestPlatform.CommandLine.Internal.ConsoleLogger, vstest.console, Version=15.0.0.0, Culture=neutral, PublicKeyToken=b03f5f7f11d50a3a" codeBase="C:\Program Files\dotnet\sdk\7.0.403\vstest.console.dll" enabled="True" />
    </Loggers>
  </LoggerRunSettings>
  <DataCollectionRunSettings>
    <DataCollectors>
      <DataCollector friendlyName="blame" enabled="True">
        <Configuration>
          <ResultsDirectory>C:\Users\Ilya\Dropbox\Тестирование\Lab4\DiscountSystem\DiscountSystem.Test\bin\Debug\net6.0\fine-code-coverage\coverage-tool-output</ResultsDirectory>
        </Configuration>
      </DataCollector>
    </DataCollectors>
  </DataCollectionRunSettings>
</RunSettings>

TpTrace Verbose: 0 : 14804, 1, 2024/04/28, 21:20:56.061, 14837745760658, vstest.console.dll, TestRunRequest.ExecuteAsync: Wait for the first run request is over.
TpTrace Verbose: 0 : 14804, 1, 2024/04/28, 21:20:56.062, 14837745762813, vstest.console.dll, MulticastDelegateUtilities.SafeInvoke: TestRun.TestRunStart: Invoking callbacks was skipped because there are no subscribers.
TpTrace Verbose: 0 : 14804, 4, 2024/04/28, 21:20:56.062, 14837745764416, vstest.console.dll, MulticastDelegateUtilities.SafeInvoke: InternalTestLoggerEvents.SendTestRunStart: Invoking callback 1/1 for Microsoft.VisualStudio.TestPlatform.CommandLine.Internal.ConsoleLogger., took 0 ms.
TpTrace Verbose: 0 : 14804, 1, 2024/04/28, 21:20:56.062, 14837745770283, vstest.console.dll, ParallelProxyExecutionManager: Start execution. Total sources: 1
TpTrace Verbose: 0 : 14804, 1, 2024/04/28, 21:20:56.063, 14837745772574, vstest.console.dll, ParallelOperationManager.StartWork: Starting adding 1 workloads.
TpTrace Verbose: 0 : 14804, 1, 2024/04/28, 21:20:56.063, 14837745773510, vstest.console.dll, ParallelOperationManager.ClearSlots: Clearing all slots. Slots should accept more work: True
TpTrace Verbose: 0 : 14804, 1, 2024/04/28, 21:20:56.063, 14837745773892, vstest.console.dll, ParallelOperationManager.SetOccupiedSlotCount: Setting slot counts AvailableSlotCount = 1, OccupiedSlotCount = 0.
TpTrace Verbose: 0 : 14804, 1, 2024/04/28, 21:20:56.063, 14837745774094, vstest.console.dll, Occupied slots:

TpTrace Verbose: 0 : 14804, 1, 2024/04/28, 21:20:56.064, 14837745786278, vstest.console.dll, TestRequestSender is acting as server.
TpTrace Verbose: 0 : 14804, 1, 2024/04/28, 21:20:56.065, 14837745793681, vstest.console.dll, ParallelOperationManager.RunWorkInParallel: Adding 1 workload to slot, remaining workloads 0.
TpTrace Verbose: 0 : 14804, 1, 2024/04/28, 21:20:56.065, 14837745794068, vstest.console.dll, ParallelOperationManager.SetOccupiedSlotCount: Setting slot counts AvailableSlotCount = 0, OccupiedSlotCount = 1.
TpTrace Verbose: 0 : 14804, 1, 2024/04/28, 21:20:56.065, 14837745794661, vstest.console.dll, Occupied slots:
0: C:\Users\Ilya\Dropbox\Тестирование\Lab4\DiscountSystem\DiscountSystem.Test\bin\Debug\net6.0\fine-code-coverage\build-output\DiscountSystem.Test.dll
TpTrace Verbose: 0 : 14804, 1, 2024/04/28, 21:20:56.066, 14837745806153, vstest.console.dll, ParallelOperationManager.RunWorkInParallel: Started host in slot number 0 for work (source): C:\Users\Ilya\Dropbox\Тестирование\Lab4\DiscountSystem\DiscountSystem.Test\bin\Debug\net6.0\fine-code-coverage\build-output\DiscountSystem.Test.dll.
TpTrace Verbose: 0 : 14804, 1, 2024/04/28, 21:20:56.066, 14837745811240, vstest.console.dll, ParallelOperationManager.RunWorkInParallel: We started 1 work items, which is the max parallel level. Won't start more work.
TpTrace Verbose: 0 : 14804, 1, 2024/04/28, 21:20:56.066, 14837745811574, vstest.console.dll, ParallelOperationManager.RunWorkInParallel: We started 1 work items in here, returning True.
TpTrace Information: 0 : 14804, 1, 2024/04/28, 21:20:56.066, 14837745811759, vstest.console.dll, TestRunRequest.ExecuteAsync: Started.
TpTrace Verbose: 0 : 14804, 1, 2024/04/28, 21:20:56.067, 14837745812127, vstest.console.dll, TestRunRequest.WaitForCompletion: Waiting with timeout -1.
TpTrace Verbose: 0 : 14804, 5, 2024/04/28, 21:20:56.067, 14837745812726, vstest.console.dll, ParallelProxyExecutionManager.StartTestRunOnConcurrentManager: Initializing uninitialized client. Started clients: 0
TpTrace Verbose: 0 : 14804, 5, 2024/04/28, 21:20:56.067, 14837745813660, vstest.console.dll, DataCollectionRequestSender.InitializeCommunication : Initialize communication. 
TpTrace Information: 0 : 14804, 5, 2024/04/28, 21:20:56.069, 14837745836379, vstest.console.dll, Listening on Endpoint : 127.0.0.1:59484
TpTrace Verbose: 0 : 14804, 5, 2024/04/28, 21:20:56.073, 14837745877051, vstest.console.dll, DotnetDataCollectionLauncher: Adding  --runtimeconfig "C:\Program Files\dotnet\sdk\7.0.403\datacollector.runtimeconfig.json" in args
TpTrace Verbose: 0 : 14804, 5, 2024/04/28, 21:20:56.073, 14837745877862, vstest.console.dll, DotnetDataCollectionLauncher: Adding  --depsfile "C:\Program Files\dotnet\sdk\7.0.403\datacollector.deps.json" in args
TpTrace Verbose: 0 : 14804, 5, 2024/04/28, 21:20:56.073, 14837745878778, vstest.console.dll, DotnetDataCollectionLauncher: Full path of dotnet.exe is C:\Program Files\dotnet\dotnet.exe
TpTrace Information: 0 : 14804, 5, 2024/04/28, 21:20:56.077, 14837745918001, vstest.console.dll, ProxyDataCollectionManager.Initialize: Launched datacollector processId: 10972 port: 59484
TpTrace Information: 0 : 14804, 5, 2024/04/28, 21:20:56.077, 14837745919065, vstest.console.dll, ProxyDataCollectionManager.Initialize: waiting for connection with timeout: 90 seconds
TpTrace Verbose: 0 : 14804, 5, 2024/04/28, 21:20:56.077, 14837745919370, vstest.console.dll, DataCollectionRequestSender.WaitForRequestHandlerConnection : Waiting for connection with timeout: 90000
TpTrace Information: 0 : 14804, 7, 2024/04/28, 21:20:56.156, 14837746703396, vstest.console.dll, Using the buffer size of 16384 bytes
TpTrace Verbose: 0 : 14804, 5, 2024/04/28, 21:20:56.156, 14837746703511, vstest.console.dll, SocketCommunicationManager.WaitForClientConnection took: 78 ms, with 90000 ms timeout, and finished with True.
TpTrace Information: 0 : 14804, 7, 2024/04/28, 21:20:56.156, 14837746704074, vstest.console.dll, Accepted Client request and set the flag
TpTrace Verbose: 0 : 14804, 5, 2024/04/28, 21:20:56.156, 14837746704820, vstest.console.dll, ProxyDataCollectionManager.InvokeDataCollectionServiceAction: Starting.
TpTrace Information: 0 : 14804, 5, 2024/04/28, 21:20:56.156, 14837746705172, vstest.console.dll, ProxyDataCollectionManager.BeforeTestRunStart: Get environment variable and port for datacollector processId: 10972 port: 59484
TpTrace Verbose: 0 : 14804, 5, 2024/04/28, 21:20:56.156, 14837746705733, vstest.console.dll, DataCollectionRequestSender.SendBeforeTestRunStartAndGetResult: Send BeforeTestRunStart message with settingsXml <RunSettings><RunConfiguration><ResultsDirectory>C:\Users\Ilya\Dropbox\Тестирование\Lab4\DiscountSystem\DiscountSystem.Test\bin\Debug\net6.0\fine-code-coverage\coverage-tool-output</ResultsDirectory><TargetPlatform>X64</TargetPlatform><TargetFrameworkVersion>.NETCoreApp,Version=v6.0</TargetFrameworkVersion><DesignMode>False</DesignMode><CollectSourceInformation>False</CollectSourceInformation><TestAdaptersPaths>C:\Program Files\dotnet\sdk\7.0.403\Extensions</TestAdaptersPaths></RunConfiguration><LoggerRunSettings><Loggers><Logger friendlyName="blame" enabled="True" /><Logger friendlyName="Console" uri="logger://microsoft/TestPlatform/ConsoleLogger/v1" assemblyQualifiedName="Microsoft.VisualStudio.TestPlatform.CommandLine.Internal.ConsoleLogger, vstest.console, Version=15.0.0.0, Culture=neutral, PublicKeyToken=b03f5f7f11d50a3a" codeBase="C:\Program Files\dotnet\sdk\7.0.403\vstest.console.dll" enabled="True" /></Loggers></LoggerRunSettings><DataCollectionRunSettings><DataCollectors><DataCollector friendlyName="blame" enabled="True"><Configuration><ResultsDirectory>C:\Users\Ilya\Dropbox\Тестирование\Lab4\DiscountSystem\DiscountSystem.Test\bin\Debug\net6.0\fine-code-coverage\coverage-tool-output</ResultsDirectory></Configuration></DataCollector></DataCollectors></DataCollectionRunSettings></RunSettings> and sources System.Collections.Generic.List`1[System.String]: 
TpTrace Verbose: 0 : 14804, 5, 2024/04/28, 21:20:56.197, 14837747118311, vstest.console.dll, DataCollectionRequestSender.SendBeforeTestRunStartAndGetResult: Received message: (DataCollection.SendMessage) -> {"MessageType":"DataCollection.SendMessage","Payload":{"FriendlyName":null,"Uri":null,"TestCaseId":"00000000-0000-0000-0000-000000000000","Message":"Logging DataCollector Diagnostics in file: C:\\Users\\Ilya\\Dropbox\\Тестирование\\Lab4\\DiscountSystem\\DiscountSystem.Test\\bin\\Debug\\net6.0\\fine-code-coverage\\coverage-tool-output\\diagnostics.datacollector.24-04-28_21-20-56_07333_5.log","Level":0}}
TpTrace Verbose: 0 : 14804, 5, 2024/04/28, 21:20:56.263, 14837747773168, vstest.console.dll, DataCollectionRequestSender.SendBeforeTestRunStartAndGetResult: Received message: (DataCollection.BeforeTestRunStartResult) -> {"MessageType":"DataCollection.BeforeTestRunStartResult","Payload":{"EnvironmentVariables":{},"DataCollectionEventsPort":59486}}
TpTrace Information: 0 : 14804, 5, 2024/04/28, 21:20:56.268, 14837747830661, vstest.console.dll, ProxyDataCollectionManager.BeforeTestRunStart: SendBeforeTestRunStartAndGetResult successful, env variable from datacollector:   and testhost port: 59486
TpTrace Information: 0 : 14804, 5, 2024/04/28, 21:20:56.268, 14837747831523, vstest.console.dll, ProxyDataCollectionManager.InvokeDataCollectionServiceAction: Completed.
TpTrace Verbose: 0 : 14804, 5, 2024/04/28, 21:20:56.268, 14837747831736, vstest.console.dll, ParallelProxyExecutionManager.StartTestRunOnConcurrentManager: Initializing test run. Started clients: 0
TpTrace Verbose: 0 : 14804, 5, 2024/04/28, 21:20:56.269, 14837747832298, vstest.console.dll, ProxyExecutionManager: Test host is always Lazy initialize.
TpTrace Verbose: 0 : 14804, 5, 2024/04/28, 21:20:56.269, 14837747834011, vstest.console.dll, TestRequestSender.InitializeCommunication: initialize communication. 
TpTrace Information: 0 : 14804, 5, 2024/04/28, 21:20:56.269, 14837747837248, vstest.console.dll, SocketServer.Start: Listening on endpoint : 127.0.0.1:59487
TpTrace Verbose: 0 : 14804, 5, 2024/04/28, 21:20:56.270, 14837747842759, vstest.console.dll, DotnetTestHostmanager.GetTestHostProcessStartInfo: Platform environment 'X64' target architecture 'X64' framework '.NETCoreApp,Version=v6.0' OS 'Windows'
TpTrace Verbose: 0 : 14804, 5, 2024/04/28, 21:20:56.270, 14837747844477, vstest.console.dll, DotnetTestHostmanager: Adding  --runtimeconfig "C:\Users\Ilya\Dropbox\Тестирование\Lab4\DiscountSystem\DiscountSystem.Test\bin\Debug\net6.0\fine-code-coverage\build-output\DiscountSystem.Test.runtimeconfig.json" in args
TpTrace Verbose: 0 : 14804, 5, 2024/04/28, 21:20:56.270, 14837747845268, vstest.console.dll, DotnetTestHostmanager: Adding  --depsfile "C:\Users\Ilya\Dropbox\Тестирование\Lab4\DiscountSystem\DiscountSystem.Test\bin\Debug\net6.0\fine-code-coverage\build-output\DiscountSystem.Test.deps.json" in args
TpTrace Verbose: 0 : 14804, 5, 2024/04/28, 21:20:56.270, 14837747846988, vstest.console.dll, DotnetTestHostmanager.IsWinOnArm: Current PROCESSOR_ARCHITECTURE from environment variable 'AMD64'
TpTrace Verbose: 0 : 14804, 5, 2024/04/28, 21:20:56.270, 14837747847271, vstest.console.dll, DotnetTestHostmanager.IsWinOnArm: Is Windows on ARM 'False'
TpTrace Verbose: 0 : 14804, 5, 2024/04/28, 21:20:56.270, 14837747847752, vstest.console.dll, DotnetTestHostManager: testhost.exe found at path: C:\Users\Ilya\Dropbox\Тестирование\Lab4\DiscountSystem\DiscountSystem.Test\bin\Debug\net6.0\fine-code-coverage\build-output\testhost.exe
TpTrace Verbose: 0 : 14804, 5, 2024/04/28, 21:20:56.270, 14837747847929, vstest.console.dll, DotnetTestHostmanager: Full path of host exe is C:\Users\Ilya\Dropbox\Тестирование\Lab4\DiscountSystem\DiscountSystem.Test\bin\Debug\net6.0\fine-code-coverage\build-output\testhost.exe
TpTrace Verbose: 0 : 14804, 5, 2024/04/28, 21:20:56.270, 14837747848806, vstest.console.dll, DotnetTestHostmanager.LaunchTestHostAsync: Found 'VSTEST_WINAPPHOST_DOTNET_ROOT' in env variables, value 'C:\Program Files\dotnet', forwarding to 'DOTNET_ROOT'
TpTrace Verbose: 0 : 14804, 5, 2024/04/28, 21:20:56.270, 14837747849748, vstest.console.dll, DotnetTestHostManager: Starting process 'C:\Users\Ilya\Dropbox\Тестирование\Lab4\DiscountSystem\DiscountSystem.Test\bin\Debug\net6.0\fine-code-coverage\build-output\testhost.exe' with command line ' --runtimeconfig "C:\Users\Ilya\Dropbox\Тестирование\Lab4\DiscountSystem\DiscountSystem.Test\bin\Debug\net6.0\fine-code-coverage\build-output\DiscountSystem.Test.runtimeconfig.json" --depsfile "C:\Users\Ilya\Dropbox\Тестирование\Lab4\DiscountSystem\DiscountSystem.Test\bin\Debug\net6.0\fine-code-coverage\build-output\DiscountSystem.Test.deps.json" --port 59487 --endpoint 127.0.0.1:059487 --role client --parentprocessid 14804 --diag "C:\Users\Ilya\Dropbox\Тестирование\Lab4\DiscountSystem\DiscountSystem.Test\bin\Debug\net6.0\fine-code-coverage\coverage-tool-output\diagnostics.host.24-04-28_21-20-56_26980_5.log" --tracelevel 4 --datacollectionport 59486 --telemetryoptedin false'
TpTrace Verbose: 0 : 14804, 5, 2024/04/28, 21:20:56.297, 14837748115433, vstest.console.dll, MulticastDelegateUtilities.SafeInvoke: HostProviderEvents.OnHostLaunched: Invoking callback 1/2 for Microsoft.VisualStudio.TestPlatform.CrossPlatEngine.Client.ProxyExecutionManagerWithDataCollection., took 1 ms.
TpTrace Verbose: 0 : 14804, 5, 2024/04/28, 21:20:56.297, 14837748118001, vstest.console.dll, Test Runtime launched
TpTrace Verbose: 0 : 14804, 5, 2024/04/28, 21:20:56.297, 14837748118642, vstest.console.dll, MulticastDelegateUtilities.SafeInvoke: HostProviderEvents.OnHostLaunched: Invoking callback 2/2 for Microsoft.VisualStudio.TestPlatform.CrossPlatEngine.Client.ProxyOperationManager., took 0 ms.
TpTrace Verbose: 0 : 14804, 5, 2024/04/28, 21:20:56.298, 14837748123392, vstest.console.dll, TestRequestSender.WaitForRequestHandlerConnection: waiting for connection with timeout: 90000.
TpTrace Verbose: 0 : 14804, 7, 2024/04/28, 21:20:56.418, 14837749326463, vstest.console.dll, MulticastDelegateUtilities.SafeInvoke: SocketServer: ClientConnected: Invoking callback 1/1 for Microsoft.VisualStudio.TestPlatform.CommunicationUtilities.TestRequestSender., took 0 ms.
TpTrace Verbose: 0 : 14804, 5, 2024/04/28, 21:20:56.418, 14837749326366, vstest.console.dll, TestRequestSender.WaitForRequestHandlerConnection: waiting took 120 ms, with timeout 90000 ms, and result 0, which is success.
TpTrace Verbose: 0 : 14804, 7, 2024/04/28, 21:20:56.418, 14837749327194, vstest.console.dll, SocketServer.OnClientConnected: Client connected for endPoint: 127.0.0.1:59487, starting MessageLoopAsync:
TpTrace Verbose: 0 : 14804, 13, 2024/04/28, 21:20:56.418, 14837749329212, vstest.console.dll, TcpClientExtensions.MessageLoopAsync: Polling on remoteEndPoint: 127.0.0.1:59488 localEndPoint: 127.0.0.1:59487
TpTrace Verbose: 0 : 14804, 5, 2024/04/28, 21:20:56.419, 14837749332820, vstest.console.dll, TestRequestSender.CheckVersionWithTestHost: Sending check version message: {"MessageType":"ProtocolVersion","Payload":7}
TpTrace Verbose: 0 : 14804, 13, 2024/04/28, 21:20:56.510, 14837750242642, vstest.console.dll, TcpClientExtensions.MessageLoopAsync: NotifyDataAvailable remoteEndPoint: 127.0.0.1:59488 localEndPoint: 127.0.0.1:59487
TpTrace Verbose: 0 : 14804, 13, 2024/04/28, 21:20:56.510, 14837750244335, vstest.console.dll, TestRequestSender.CheckVersionWithTestHost: onMessageReceived received message: (ProtocolVersion) -> {"MessageType":"ProtocolVersion","Payload":7}
TpTrace Verbose: 0 : 14804, 13, 2024/04/28, 21:20:56.510, 14837750248938, vstest.console.dll, MulticastDelegateUtilities.SafeInvoke: LengthPrefixCommunicationChannel: MessageReceived: Invoking callback 1/1 for Microsoft.VisualStudio.TestPlatform.CommunicationUtilities.TestRequestSender+<>c__DisplayClass29_0., took 0 ms.
TpTrace Verbose: 0 : 14804, 13, 2024/04/28, 21:20:56.510, 14837750250092, vstest.console.dll, TcpClientExtensions.MessageLoopAsync: Polling on remoteEndPoint: 127.0.0.1:59488 localEndPoint: 127.0.0.1:59487
TpTrace Verbose: 0 : 14804, 5, 2024/04/28, 21:20:56.510, 14837750250116, vstest.console.dll, TestPluginCache.GetExtensionPaths: Filtered extension paths: 
TpTrace Verbose: 0 : 14804, 5, 2024/04/28, 21:20:56.510, 14837750250679, vstest.console.dll, TestPluginCache.GetExtensionPaths: Added default extension paths: C:\Program Files\dotnet\sdk\7.0.403\Extensions\Microsoft.Diagnostics.NETCore.Client.dll
C:\Program Files\dotnet\sdk\7.0.403\Extensions\Microsoft.TestPlatform.Extensions.BlameDataCollector.dll
C:\Program Files\dotnet\sdk\7.0.403\Extensions\Microsoft.TestPlatform.Extensions.EventLogCollector.dll
C:\Program Files\dotnet\sdk\7.0.403\Extensions\Microsoft.TestPlatform.TestHostRuntimeProvider.dll
C:\Program Files\dotnet\sdk\7.0.403\Extensions\Microsoft.VisualStudio.TestPlatform.Extensions.Html.TestLogger.dll
C:\Program Files\dotnet\sdk\7.0.403\Extensions\Microsoft.VisualStudio.TestPlatform.Extensions.Trx.TestLogger.dll
TpTrace Verbose: 0 : 14804, 5, 2024/04/28, 21:20:56.510, 14837750250810, vstest.console.dll, TestPluginCache.GetExtensionPaths: Added unfilterableExtensionPaths: 
TpTrace Verbose: 0 : 14804, 5, 2024/04/28, 21:20:56.513, 14837750273661, vstest.console.dll, TestRequestSender.InitializeExecution: Sending initialize execution with message: {"Version":7,"MessageType":"TestExecution.Initialize","Payload":["C:\\Users\\Ilya\\Dropbox\\Тестирование\\Lab4\\DiscountSystem\\DiscountSystem.Test\\bin\\Debug\\net6.0\\fine-code-coverage\\build-output\\NUnit3.TestAdapter.dll"]}
TpTrace Verbose: 0 : 14804, 5, 2024/04/28, 21:20:56.513, 14837750274960, vstest.console.dll, ParallelProxyExecutionManager.StartTestRunOnConcurrentManager: Execution starting. Started clients: 1
TpTrace Verbose: 0 : 14804, 5, 2024/04/28, 21:20:56.513, 14837750276746, vstest.console.dll, TestRunRequest:SendTestRunMessage: Starting.
TpTrace Verbose: 0 : 14804, 5, 2024/04/28, 21:20:56.513, 14837750277612, vstest.console.dll, MulticastDelegateUtilities.SafeInvoke: TestRun.LogMessages: Invoking callback 1/1 for Microsoft.VisualStudio.TestPlatform.CommandLine.TestRunResultAggregator., took 0 ms.
TpTrace Information: 0 : 14804, 5, 2024/04/28, 21:20:56.513, 14837750277774, vstest.console.dll, TestRunRequest:SendTestRunMessage: Completed.
TpTrace Verbose: 0 : 14804, 13, 2024/04/28, 21:20:56.513, 14837750278780, vstest.console.dll, TcpClientExtensions.MessageLoopAsync: NotifyDataAvailable remoteEndPoint: 127.0.0.1:59488 localEndPoint: 127.0.0.1:59487
TpTrace Verbose: 0 : 14804, 13, 2024/04/28, 21:20:56.513, 14837750279687, vstest.console.dll, LengthPrefixCommunicationChannel.NotifyDataAvailable: New data are waiting to be received, but there is no subscriber to be notified. Not reading them from the stream.
TpTrace Verbose: 0 : 14804, 4, 2024/04/28, 21:20:56.513, 14837750279793, vstest.console.dll, MulticastDelegateUtilities.SafeInvoke: InternalTestLoggerEvents.SendTestRunMessage: Invoking callback 1/1 for Microsoft.VisualStudio.TestPlatform.CommandLine.Internal.ConsoleLogger., took 0 ms.
TpTrace Warning: 0 : 14804, 5, 2024/04/28, 21:20:56.513, 14837750280531, vstest.console.dll, InferRunSettingsHelper.MakeRunsettingsCompatible: Removing the following settings: TargetPlatform from RunSettings file. To use those settings please move to latest version of Microsoft.NET.Test.Sdk
TpTrace Verbose: 0 : 14804, 13, 2024/04/28, 21:20:56.513, 14837750279908, vstest.console.dll, TcpClientExtensions.MessageLoopAsync: Polling on remoteEndPoint: 127.0.0.1:59488 localEndPoint: 127.0.0.1:59487
TpTrace Verbose: 0 : 14804, 13, 2024/04/28, 21:20:56.513, 14837750281382, vstest.console.dll, TcpClientExtensions.MessageLoopAsync: NotifyDataAvailable remoteEndPoint: 127.0.0.1:59488 localEndPoint: 127.0.0.1:59487
TpTrace Verbose: 0 : 14804, 13, 2024/04/28, 21:20:56.513, 14837750281786, vstest.console.dll, LengthPrefixCommunicationChannel.NotifyDataAvailable: New data are waiting to be received, but there is no subscriber to be notified. Not reading them from the stream.
TpTrace Verbose: 0 : 14804, 13, 2024/04/28, 21:20:56.514, 14837750282131, vstest.console.dll, TcpClientExtensions.MessageLoopAsync: Polling on remoteEndPoint: 127.0.0.1:59488 localEndPoint: 127.0.0.1:59487
TpTrace Verbose: 0 : 14804, 13, 2024/04/28, 21:20:56.514, 14837750282487, vstest.console.dll, TcpClientExtensions.MessageLoopAsync: NotifyDataAvailable remoteEndPoint: 127.0.0.1:59488 localEndPoint: 127.0.0.1:59487
TpTrace Verbose: 0 : 14804, 13, 2024/04/28, 21:20:56.514, 14837750282795, vstest.console.dll, LengthPrefixCommunicationChannel.NotifyDataAvailable: New data are waiting to be received, but there is no subscriber to be notified. Not reading them from the stream.
TpTrace Verbose: 0 : 14804, 13, 2024/04/28, 21:20:56.514, 14837750283084, vstest.console.dll, TcpClientExtensions.MessageLoopAsync: Polling on remoteEndPoint: 127.0.0.1:59488 localEndPoint: 127.0.0.1:59487
TpTrace Verbose: 0 : 14804, 13, 2024/04/28, 21:20:56.514, 14837750283431, vstest.console.dll, TcpClientExtensions.MessageLoopAsync: NotifyDataAvailable remoteEndPoint: 127.0.0.1:59488 localEndPoint: 127.0.0.1:59487
TpTrace Verbose: 0 : 14804, 13, 2024/04/28, 21:20:56.514, 14837750285676, vstest.console.dll, TestRequestSender.OnExecutionMessageReceived: Received message: {"Version":7,"MessageType":"TestSession.Message","Payload":{"MessageLevel":0,"Message":"Logging TestHost Diagnostics in file: C:\\Users\\Ilya\\Dropbox\\Тестирование\\Lab4\\DiscountSystem\\DiscountSystem.Test\\bin\\Debug\\net6.0\\fine-code-coverage\\coverage-tool-output\\diagnostics.host.24-04-28_21-20-56_26980_5.log"}}
TpTrace Verbose: 0 : 14804, 13, 2024/04/28, 21:20:56.516, 14837750311724, vstest.console.dll, TestRunRequest:SendTestRunMessage: Starting.
TpTrace Verbose: 0 : 14804, 13, 2024/04/28, 21:20:56.517, 14837750312576, vstest.console.dll, MulticastDelegateUtilities.SafeInvoke: TestRun.LogMessages: Invoking callback 1/1 for Microsoft.VisualStudio.TestPlatform.CommandLine.TestRunResultAggregator., took 0 ms.
TpTrace Information: 0 : 14804, 13, 2024/04/28, 21:20:56.517, 14837750312752, vstest.console.dll, TestRunRequest:SendTestRunMessage: Completed.
TpTrace Verbose: 0 : 14804, 13, 2024/04/28, 21:20:56.517, 14837750312929, vstest.console.dll, MulticastDelegateUtilities.SafeInvoke: LengthPrefixCommunicationChannel: MessageReceived: Invoking callback 1/1 for Microsoft.VisualStudio.TestPlatform.CommunicationUtilities.TestRequestSender+<>c__DisplayClass34_0., took 2 ms.
TpTrace Verbose: 0 : 14804, 4, 2024/04/28, 21:20:56.517, 14837750312880, vstest.console.dll, MulticastDelegateUtilities.SafeInvoke: InternalTestLoggerEvents.SendTestRunMessage: Invoking callback 1/1 for Microsoft.VisualStudio.TestPlatform.CommandLine.Internal.ConsoleLogger., took 0 ms.
TpTrace Verbose: 0 : 14804, 13, 2024/04/28, 21:20:56.517, 14837750313060, vstest.console.dll, TcpClientExtensions.MessageLoopAsync: Polling on remoteEndPoint: 127.0.0.1:59488 localEndPoint: 127.0.0.1:59487
TpTrace Verbose: 0 : 14804, 5, 2024/04/28, 21:20:56.520, 14837750348950, vstest.console.dll, TestRequestSender.StartTestRun: Sending test run with message: {"Version":7,"MessageType":"TestExecution.StartWithSources","Payload":{"AdapterSourceMap":{"_none_":["C:\\Users\\Ilya\\Dropbox\\Тестирование\\Lab4\\DiscountSystem\\DiscountSystem.Test\\bin\\Debug\\net6.0\\fine-code-coverage\\build-output\\DiscountSystem.Test.dll"]},"RunSettings":"<RunSettings>\r\n  <RunConfiguration>\r\n    <ResultsDirectory>C:\\Users\\Ilya\\Dropbox\\Тестирование\\Lab4\\DiscountSystem\\DiscountSystem.Test\\bin\\Debug\\net6.0\\fine-code-coverage\\coverage-tool-output</ResultsDirectory>\r\n    <TargetFrameworkVersion>.NETCoreApp,Version=v6.0</TargetFrameworkVersion>\r\n    <DesignMode>False</DesignMode>\r\n    <CollectSourceInformation>False</CollectSourceInformation>\r\n  </RunConfiguration>\r\n  <LoggerRunSettings>\r\n    <Loggers>\r\n      <Logger friendlyName=\"blame\" enabled=\"True\" />\r\n      <Logger friendlyName=\"Console\" uri=\"logger://microsoft/TestPlatform/ConsoleLogger/v1\" assemblyQualifiedName=\"Microsoft.VisualStudio.TestPlatform.CommandLine.Internal.ConsoleLogger, vstest.console, Version=15.0.0.0, Culture=neutral, PublicKeyToken=b03f5f7f11d50a3a\" codeBase=\"C:\\Program Files\\dotnet\\sdk\\7.0.403\\vstest.console.dll\" enabled=\"True\" />\r\n    </Loggers>\r\n  </LoggerRunSettings>\r\n  <DataCollectionRunSettings>\r\n    <DataCollectors>\r\n      <DataCollector friendlyName=\"blame\" enabled=\"True\">\r\n        <Configuration>\r\n          <ResultsDirectory>C:\\Users\\Ilya\\Dropbox\\Тестирование\\Lab4\\DiscountSystem\\DiscountSystem.Test\\bin\\Debug\\net6.0\\fine-code-coverage\\coverage-tool-output</ResultsDirectory>\r\n        </Configuration>\r\n      </DataCollector>\r\n    </DataCollectors>\r\n  </DataCollectionRunSettings>\r\n</RunSettings>","TestExecutionContext":{"FrequencyOfRunStatsChangeEvent":10,"RunStatsChangeEventTimeout":"00:00:01.5000000","InIsolation":false,"KeepAlive":false,"AreTestCaseLevelEventsRequired":false,"IsDebug":false,"TestCaseFilter":null,"FilterOptions":null},"Package":null}}
TpTrace Verbose: 0 : 14804, 5, 2024/04/28, 21:20:56.520, 14837750350014, vstest.console.dll, ParallelProxyExecutionManager.StartTestRunOnConcurrentManager: Execution started. Started clients: 1
TpTrace Verbose: 0 : 14804, 13, 2024/04/28, 21:20:56.624, 14837751386959, vstest.console.dll, TcpClientExtensions.MessageLoopAsync: NotifyDataAvailable remoteEndPoint: 127.0.0.1:59488 localEndPoint: 127.0.0.1:59487
TpTrace Verbose: 0 : 14804, 13, 2024/04/28, 21:20:56.624, 14837751388006, vstest.console.dll, TestRequestSender.OnExecutionMessageReceived: Received message: {"Version":7,"MessageType":"TestSession.Message","Payload":{"MessageLevel":0,"Message":"NUnit Adapter 4.4.0.0: Test execution started"}}
TpTrace Verbose: 0 : 14804, 13, 2024/04/28, 21:20:56.624, 14837751389547, vstest.console.dll, TestRunRequest:SendTestRunMessage: Starting.
TpTrace Verbose: 0 : 14804, 13, 2024/04/28, 21:20:56.624, 14837751389880, vstest.console.dll, MulticastDelegateUtilities.SafeInvoke: TestRun.LogMessages: Invoking callback 1/1 for Microsoft.VisualStudio.TestPlatform.CommandLine.TestRunResultAggregator., took 0 ms.
TpTrace Information: 0 : 14804, 13, 2024/04/28, 21:20:56.624, 14837751389990, vstest.console.dll, TestRunRequest:SendTestRunMessage: Completed.
TpTrace Verbose: 0 : 14804, 13, 2024/04/28, 21:20:56.624, 14837751390100, vstest.console.dll, MulticastDelegateUtilities.SafeInvoke: LengthPrefixCommunicationChannel: MessageReceived: Invoking callback 1/1 for Microsoft.VisualStudio.TestPlatform.CommunicationUtilities.TestRequestSender+<>c__DisplayClass34_0., took 0 ms.
TpTrace Verbose: 0 : 14804, 13, 2024/04/28, 21:20:56.624, 14837751390223, vstest.console.dll, TcpClientExtensions.MessageLoopAsync: Polling on remoteEndPoint: 127.0.0.1:59488 localEndPoint: 127.0.0.1:59487
TpTrace Verbose: 0 : 14804, 4, 2024/04/28, 21:20:56.624, 14837751390152, vstest.console.dll, MulticastDelegateUtilities.SafeInvoke: InternalTestLoggerEvents.SendTestRunMessage: Invoking callback 1/1 for Microsoft.VisualStudio.TestPlatform.CommandLine.Internal.ConsoleLogger., took 0 ms.
TpTrace Verbose: 0 : 14804, 13, 2024/04/28, 21:20:56.642, 14837751571532, vstest.console.dll, TcpClientExtensions.MessageLoopAsync: NotifyDataAvailable remoteEndPoint: 127.0.0.1:59488 localEndPoint: 127.0.0.1:59487
TpTrace Verbose: 0 : 14804, 13, 2024/04/28, 21:20:56.643, 14837751572794, vstest.console.dll, TestRequestSender.OnExecutionMessageReceived: Received message: {"Version":7,"MessageType":"TestSession.Message","Payload":{"MessageLevel":0,"Message":"Running all tests in C:\\Users\\Ilya\\Dropbox\\Тестирование\\Lab4\\DiscountSystem\\DiscountSystem.Test\\bin\\Debug\\net6.0\\fine-code-coverage\\build-output\\DiscountSystem.Test.dll"}}
TpTrace Verbose: 0 : 14804, 13, 2024/04/28, 21:20:56.643, 14837751573533, vstest.console.dll, TestRunRequest:SendTestRunMessage: Starting.
TpTrace Verbose: 0 : 14804, 13, 2024/04/28, 21:20:56.643, 14837751573885, vstest.console.dll, MulticastDelegateUtilities.SafeInvoke: TestRun.LogMessages: Invoking callback 1/1 for Microsoft.VisualStudio.TestPlatform.CommandLine.TestRunResultAggregator., took 0 ms.
TpTrace Information: 0 : 14804, 13, 2024/04/28, 21:20:56.643, 14837751574074, vstest.console.dll, TestRunRequest:SendTestRunMessage: Completed.
TpTrace Verbose: 0 : 14804, 4, 2024/04/28, 21:20:56.643, 14837751574094, vstest.console.dll, MulticastDelegateUtilities.SafeInvoke: InternalTestLoggerEvents.SendTestRunMessage: Invoking callback 1/1 for Microsoft.VisualStudio.TestPlatform.CommandLine.Internal.ConsoleLogger., took 0 ms.
TpTrace Verbose: 0 : 14804, 13, 2024/04/28, 21:20:56.643, 14837751574195, vstest.console.dll, MulticastDelegateUtilities.SafeInvoke: LengthPrefixCommunicationChannel: MessageReceived: Invoking callback 1/1 for Microsoft.VisualStudio.TestPlatform.CommunicationUtilities.TestRequestSender+<>c__DisplayClass34_0., took 0 ms.
TpTrace Verbose: 0 : 14804, 13, 2024/04/28, 21:20:56.643, 14837751574936, vstest.console.dll, TcpClientExtensions.MessageLoopAsync: Polling on remoteEndPoint: 127.0.0.1:59488 localEndPoint: 127.0.0.1:59487
TpTrace Verbose: 0 : 14804, 13, 2024/04/28, 21:20:56.745, 14837752595975, vstest.console.dll, TcpClientExtensions.MessageLoopAsync: NotifyDataAvailable remoteEndPoint: 127.0.0.1:59488 localEndPoint: 127.0.0.1:59487
TpTrace Verbose: 0 : 14804, 13, 2024/04/28, 21:20:56.745, 14837752597624, vstest.console.dll, TestRequestSender.OnExecutionMessageReceived: Received message: {"Version":7,"MessageType":"TestSession.Message","Payload":{"MessageLevel":0,"Message":"   NUnit3TestExecutor discovered 36 of 36 NUnit test cases using Current Discovery mode, Non-Explicit run"}}
TpTrace Verbose: 0 : 14804, 13, 2024/04/28, 21:20:56.745, 14837752598625, vstest.console.dll, TestRunRequest:SendTestRunMessage: Starting.
TpTrace Verbose: 0 : 14804, 13, 2024/04/28, 21:20:56.745, 14837752598947, vstest.console.dll, MulticastDelegateUtilities.SafeInvoke: TestRun.LogMessages: Invoking callback 1/1 for Microsoft.VisualStudio.TestPlatform.CommandLine.TestRunResultAggregator., took 0 ms.
TpTrace Information: 0 : 14804, 13, 2024/04/28, 21:20:56.745, 14837752599075, vstest.console.dll, TestRunRequest:SendTestRunMessage: Completed.
TpTrace Verbose: 0 : 14804, 13, 2024/04/28, 21:20:56.745, 14837752599237, vstest.console.dll, MulticastDelegateUtilities.SafeInvoke: LengthPrefixCommunicationChannel: MessageReceived: Invoking callback 1/1 for Microsoft.VisualStudio.TestPlatform.CommunicationUtilities.TestRequestSender+<>c__DisplayClass34_0., took 0 ms.
TpTrace Verbose: 0 : 14804, 13, 2024/04/28, 21:20:56.745, 14837752599377, vstest.console.dll, TcpClientExtensions.MessageLoopAsync: Polling on remoteEndPoint: 127.0.0.1:59488 localEndPoint: 127.0.0.1:59487
TpTrace Verbose: 0 : 14804, 4, 2024/04/28, 21:20:56.745, 14837752599593, vstest.console.dll, MulticastDelegateUtilities.SafeInvoke: InternalTestLoggerEvents.SendTestRunMessage: Invoking callback 1/1 for Microsoft.VisualStudio.TestPlatform.CommandLine.Internal.ConsoleLogger., took 0 ms.
TpTrace Verbose: 0 : 14804, 13, 2024/04/28, 21:20:56.832, 14837753462678, vstest.console.dll, TcpClientExtensions.MessageLoopAsync: NotifyDataAvailable remoteEndPoint: 127.0.0.1:59488 localEndPoint: 127.0.0.1:59487
TpTrace Verbose: 0 : 14804, 13, 2024/04/28, 21:20:56.832, 14837753465150, vstest.console.dll, TestRequestSender.OnExecutionMessageReceived: Received message: {"Version":7,"MessageType":"TestExecution.StatsChange","Payload":{"NewTestResults":[{"TestCase":{"Id":"903c9a6d-1439-e049-ac33-07275838bd4e","FullyQualifiedName":"DiscountSystem.Test.DiscountCalculatorDataDrivenTests.CalculateDiscount_ReturnsValidDiscountAndPoints(Private,9,9000,0.05d,True)","DisplayName":"CalculateDiscount_ReturnsValidDiscountAndPoints(Private,9,9000,0.05d,True)","ExecutorUri":"executor://NUnit3TestExecutor","Source":"C:\\Users\\Ilya\\Dropbox\\Тестирование\\Lab4\\DiscountSystem\\DiscountSystem.Test\\bin\\Debug\\net6.0\\fine-code-coverage\\build-output\\DiscountSystem.Test.dll","CodeFilePath":null,"LineNumber":0,"Properties":[{"Key":{"Id":"NUnit.Seed","Label":"Seed","Category":"","Description":"","Attributes":0,"ValueType":"System.String"},"Value":"881166830"}]},"Attachments":[],"Outcome":1,"ErrorMessage":null,"ErrorStackTrace":null,"DisplayName":"CalculateDiscount_ReturnsValidDiscountAndPoints(Private,9,9000,0.05d,True)","Messages":[],"ComputerName":"DESKTOP-KSF3CJK","Duration":"00:00:00.0100810","StartTime":"2024-04-28T18:20:56.7633322+00:00","EndTime":"2024-04-28T18:20:56.7733724+00:00","Properties":[{"Key":{"Id":"NUnit.Seed","Label":"Seed","Category":"","Description":"","Attributes":0,"ValueType":"System.String"},"Value":"881166830"}]},{"TestCase":{"Id":"46793083-67b0-8538-5a23-9330e71e1e67","FullyQualifiedName":"DiscountSystem.Test.DiscountCalculatorDataDrivenTests.CalculateDiscount_ReturnsValidDiscountAndPoints(Private,9,19000,0.1d,True)","DisplayName":"CalculateDiscount_ReturnsValidDiscountAndPoints(Private,9,19000,0.1d,True)","ExecutorUri":"executor://NUnit3TestExecutor","Source":"C:\\Users\\Ilya\\Dropbox\\Тестирование\\Lab4\\DiscountSystem\\DiscountSystem.Test\\bin\\Debug\\net6.0\\fine-code-coverage\\build-output\\DiscountSystem.Test.dll","CodeFilePath":null,"LineNumber":0,"Properties":[{"Key":{"Id":"NUnit.Seed","Label":"Seed","Category":"","Description":"","Attributes":0,"ValueType":"System.String"},"Value":"1476823271"}]},"Attachments":[],"Outcome":1,"ErrorMessage":null,"ErrorStackTrace":null,"DisplayName":"CalculateDiscount_ReturnsValidDiscountAndPoints(Private,9,19000,0.1d,True)","Messages":[],"ComputerName":"DESKTOP-KSF3CJK","Duration":"00:00:00.0000590","StartTime":"2024-04-28T18:20:56.7741779+00:00","EndTime":"2024-04-28T18:20:56.7742368+00:00","Properties":[{"Key":{"Id":"NUnit.Seed","Label":"Seed","Category":"","Description":"","Attributes":0,"ValueType":"System.String"},"Value":"1476823271"}]},{"TestCase":{"Id":"37f7bc21-8081-0266-53ac-da4c6b25123e","FullyQualifiedName":"DiscountSystem.Test.DiscountCalculatorDataDrivenTests.CalculateDiscount_ReturnsValidDiscountAndPoints(Private,9,29000,0.15d,True)","DisplayName":"CalculateDiscount_ReturnsValidDiscountAndPoints(Private,9,29000,0.15d,True)","ExecutorUri":"executor://NUnit3TestExecutor","Source":"C:\\Users\\Ilya\\Dropbox\\Тестирование\\Lab4\\DiscountSystem\\DiscountSystem.Test\\bin\\Debug\\net6.0\\fine-code-coverage\\build-output\\DiscountSystem.Test.dll","CodeFilePath":null,"LineNumber":0,"Properties":[{"Key":{"Id":"NUnit.Seed","Label":"Seed","Category":"","Description":"","Attributes":0,"ValueType":"System.String"},"Value":"103796818"}]},"Attachments":[],"Outcome":1,"ErrorMessage":null,"ErrorStackTrace":null,"DisplayName":"CalculateDiscount_ReturnsValidDiscountAndPoints(Private,9,29000,0.15d,True)","Messages":[],"ComputerName":"DESKTOP-KSF3CJK","Duration":"00:00:00.0000130","StartTime":"2024-04-28T18:20:56.7742457+00:00","EndTime":"2024-04-28T18:20:56.7742585+00:00","Properties":[{"Key":{"Id":"NUnit.Seed","Label":"Seed","Category":"","Description":"","Attributes":0,"ValueType":"System.String"},"Value":"103796818"}]},{"TestCase":{"Id":"6fe238a5-765d-dd0d-cb31-8f32ec393f67","FullyQualifiedName":"DiscountSystem.Test.DiscountCalculatorDataDrivenTests.CalculateDiscount_ReturnsValidDiscountAndPoints(Private,19,9000,0.1d,True)","DisplayName":"CalculateDiscount_ReturnsValidDiscountAndPoints(Private,19,9000,0.1d,True)","ExecutorUri":"executor://NUnit3TestExecutor","Source":"C:\\Users\\Ilya\\Dropbox\\Тестирование\\Lab4\\DiscountSystem\\DiscountSystem.Test\\bin\\Debug\\net6.0\\fine-code-coverage\\build-output\\DiscountSystem.Test.dll","CodeFilePath":null,"LineNumber":0,"Properties":[{"Key":{"Id":"NUnit.Seed","Label":"Seed","Category":"","Description":"","Attributes":0,"ValueType":"System.String"},"Value":"672304381"}]},"Attachments":[],"Outcome":1,"ErrorMessage":null,"ErrorStackTrace":null,"DisplayName":"CalculateDiscount_ReturnsValidDiscountAndPoints(Private,19,9000,0.1d,True)","Messages":[],"ComputerName":"DESKTOP-KSF3CJK","Duration":"00:00:00.0000100","StartTime":"2024-04-28T18:20:56.7742609+00:00","EndTime":"2024-04-28T18:20:56.7742711+00:00","Properties":[{"Key":{"Id":"NUnit.Seed","Label":"Seed","Category":"","Description":"","Attributes":0,"ValueType":"System.String"},"Value":"672304381"}]},{"TestCase":{"Id":"8bbb3273-545e-cdfa-ef85-ddbbaf2033f2","FullyQualifiedName":"DiscountSystem.Test.DiscountCalculatorDataDrivenTests.CalculateDiscount_ReturnsValidDiscountAndPoints(Private,19,19000,0.15d,True)","DisplayName":"CalculateDiscount_ReturnsValidDiscountAndPoints(Private,19,19000,0.15d,True)","ExecutorUri":"executor://NUnit3TestExecutor","Source":"C:\\Users\\Ilya\\Dropbox\\Тестирование\\Lab4\\DiscountSystem\\DiscountSystem.Test\\bin\\Debug\\net6.0\\fine-code-coverage\\build-output\\DiscountSystem.Test.dll","CodeFilePath":null,"LineNumber":0,"Properties":[{"Key":{"Id":"NUnit.Seed","Label":"Seed","Category":"","Description":"","Attributes":0,"ValueType":"System.String"},"Value":"887588001"}]},"Attachments":[],"Outcome":1,"ErrorMessage":null,"ErrorStackTrace":null,"DisplayName":"CalculateDiscount_ReturnsValidDiscountAndPoints(Private,19,19000,0.15d,True)","Messages":[],"ComputerName":"DESKTOP-KSF3CJK","Duration":"00:00:00.0000100","StartTime":"2024-04-28T18:20:56.7742729+00:00","EndTime":"2024-04-28T18:20:56.7742833+00:00","Properties":[{"Key":{"Id":"NUnit.Seed","Label":"Seed","Category":"","Description":"","Attributes":0,"ValueType":"System.String"},"Value":"887588001"}]},{"TestCase":{"Id":"605e8f16-0ad9-ff4f-c59a-b531c1f2787f","FullyQualifiedName":"DiscountSystem.Test.DiscountCalculatorDataDrivenTests.CalculateDiscount_ReturnsValidDiscountAndPoints(Private,19,29000,0.15d,True)","DisplayName":"CalculateDiscount_ReturnsValidDiscountAndPoints(Private,19,29000,0.15d,True)","ExecutorUri":"executor://NUnit3TestExecutor","Source":"C:\\Users\\Ilya\\Dropbox\\Тестирование\\Lab4\\DiscountSystem\\DiscountSystem.Test\\bin\\Debug\\net6.0\\fine-code-coverage\\build-output\\DiscountSystem.Test.dll","CodeFilePath":null,"LineNumber":0,"Properties":[{"Key":{"Id":"NUnit.Seed","Label":"Seed","Category":"","Description":"","Attributes":0,"ValueType":"System.String"},"Value":"684679776"}]},"Attachments":[],"Outcome":1,"ErrorMessage":null,"ErrorStackTrace":null,"DisplayName":"CalculateDiscount_ReturnsValidDiscountAndPoints(Private,19,29000,0.15d,True)","Messages":[],"ComputerName":"DESKTOP-KSF3CJK","Duration":"00:00:00.0000080","StartTime":"2024-04-28T18:20:56.774285+00:00","EndTime":"2024-04-28T18:20:56.774293+00:00","Properties":[{"Key":{"Id":"NUnit.Seed","Label":"Seed","Category":"","Description":"","Attributes":0,"ValueType":"System.String"},"Value":"684679776"}]},{"TestCase":{"Id":"0cc22853-9b3c-e485-7651-aa89756e17df","FullyQualifiedName":"DiscountSystem.Test.DiscountCalculatorDataDrivenTests.CalculateDiscount_ReturnsValidDiscountAndPoints(Private,29,9000,0.15d,True)","DisplayName":"CalculateDiscount_ReturnsValidDiscountAndPoints(Private,29,9000,0.15d,True)","ExecutorUri":"executor://NUnit3TestExecutor","Source":"C:\\Users\\Ilya\\Dropbox\\Тестирование\\Lab4\\DiscountSystem\\DiscountSystem.Test\\bin\\Debug\\net6.0\\fine-code-coverage\\build-output\\DiscountSystem.Test.dll","CodeFilePath":null,"LineNumber":0,"Properties":[{"Key":{"Id":"NUnit.Seed","Label":"Seed","Category":"","Description":"","Attributes":0,"ValueType":"System.String"},"Value":"1528101818"}]},"Attachments":[],"Outcome":1,"ErrorMessage":null,"ErrorStackTrace":null,"DisplayName":"CalculateDiscount_ReturnsValidDiscountAndPoints(Private,29,9000,0.15d,True)","Messages":[],"ComputerName":"DESKTOP-KSF3CJK","Duration":"00:00:00.0000080","StartTime":"2024-04-28T18:20:56.7742946+00:00","EndTime":"2024-04-28T18:20:56.774303+00:00","Properties":[{"Key":{"Id":"NUnit.Seed","Label":"Seed","Category":"","Description":"","Attributes":0,"ValueType":"System.String"},"Value":"1528101818"}]},{"TestCase":{"Id":"58fe845c-9114-ebe2-6132-f437b697d930","FullyQualifiedName":"DiscountSystem.Test.DiscountCalculatorDataDrivenTests.CalculateDiscount_ReturnsValidDiscountAndPoints(Private,29,19000,0.15d,True)","DisplayName":"CalculateDiscount_ReturnsValidDiscountAndPoints(Private,29,19000,0.15d,True)","ExecutorUri":"executor://NUnit3TestExecutor","Source":"C:\\Users\\Ilya\\Dropbox\\Тестирование\\Lab4\\DiscountSystem\\DiscountSystem.Test\\bin\\Debug\\net6.0\\fine-code-coverage\\build-output\\DiscountSystem.Test.dll","CodeFilePath":null,"LineNumber":0,"Properties":[{"Key":{"Id":"NUnit.Seed","Label":"Seed","Category":"","Description":"","Attributes":0,"ValueType":"System.String"},"Value":"1428797978"}]},"Attachments":[],"Outcome":1,"ErrorMessage":null,"ErrorStackTrace":null,"DisplayName":"CalculateDiscount_ReturnsValidDiscountAndPoints(Private,29,19000,0.15d,True)","Messages":[],"ComputerName":"DESKTOP-KSF3CJK","Duration":"00:00:00.0000080","StartTime":"2024-04-28T18:20:56.7743046+00:00","EndTime":"2024-04-28T18:20:56.774313+00:00","Properties":[{"Key":{"Id":"NUnit.Seed","Label":"Seed","Category":"","Description":"","Attributes":0,"ValueType":"System.String"},"Value":"1428797978"}]},{"TestCase":{"Id":"bc637fcc-7ba2-ea10-6d9a-c4ea5f900405","FullyQualifiedName":"DiscountSystem.Test.DiscountCalculatorDataDrivenTests.CalculateDiscount_ReturnsValidDiscountAndPoints(Private,29,29000,0.15d,True)","DisplayName":"CalculateDiscount_ReturnsValidDiscountAndPoints(Private,29,29000,0.15d,True)","ExecutorUri":"executor://NUnit3TestExecutor","Source":"C:\\Users\\Ilya\\Dropbox\\Тестирование\\Lab4\\DiscountSystem\\DiscountSystem.Test\\bin\\Debug\\net6.0\\fine-code-coverage\\build-output\\DiscountSystem.Test.dll","CodeFilePath":null,"LineNumber":0,"Properties":[{"Key":{"Id":"NUnit.Seed","Label":"Seed","Category":"","Description":"","Attributes":0,"ValueType":"System.String"},"Value":"1236424576"}]},"Attachments":[],"Outcome":1,"ErrorMessage":null,"ErrorStackTrace":null,"DisplayName":"CalculateDiscount_ReturnsValidDiscountAndPoints(Private,29,29000,0.15d,True)","Messages":[],"ComputerName":"DESKTOP-KSF3CJK","Duration":"00:00:00.0000060","StartTime":"2024-04-28T18:20:56.7743146+00:00","EndTime":"2024-04-28T18:20:56.7743207+00:00","Properties":[{"Key":{"Id":"NUnit.Seed","Label":"Seed","Category":"","Description":"","Attributes":0,"ValueType":"System.String"},"Value":"1236424576"}]}],"TestRunStatistics":{"ExecutedTests":9,"Stats":{"Passed":9}},"ActiveTests":[{"Id":"acd46337-ed1a-ec0f-2aad-9b7d72a1559c","FullyQualifiedName":"DiscountSystem.Test.DiscountCalculatorDataDrivenTests.CalculateDiscount_ReturnsValidDiscountAndPoints(Corporate,9,9000,0.05d,False)","DisplayName":"CalculateDiscount_ReturnsValidDiscountAndPoints(Corporate,9,9000,0.05d,False)","ExecutorUri":"executor://NUnit3TestExecutor","Source":"C:\\Users\\Ilya\\Dropbox\\Тестирование\\Lab4\\DiscountSystem\\DiscountSystem.Test\\bin\\Debug\\net6.0\\fine-code-coverage\\build-output\\DiscountSystem.Test.dll","CodeFilePath":null,"LineNumber":0,"Properties":[{"Key":{"Id":"NUnit.Seed","Label":"Seed","Category":"","Description":"","Attributes":0,"ValueType":"System.String"},"Value":"365510364"}]}]}}
TpTrace Verbose: 0 : 14804, 13, 2024/04/28, 21:20:56.850, 14837753651833, vstest.console.dll, TestRunRequest:SendTestRunStatsChange: Starting.
TpTrace Verbose: 0 : 14804, 13, 2024/04/28, 21:20:56.851, 14837753653219, vstest.console.dll, InProgress is CalculateDiscount_ReturnsValidDiscountAndPoints(Corporate,9,9000,0.05d,False)
TpTrace Verbose: 0 : 14804, 13, 2024/04/28, 21:20:56.851, 14837753654766, vstest.console.dll, MulticastDelegateUtilities.SafeInvoke: TestRun.RunStatsChanged: Invoking callbacks was skipped because there are no subscribers.
TpTrace Information: 0 : 14804, 13, 2024/04/28, 21:20:56.851, 14837753654974, vstest.console.dll, TestRunRequest:SendTestRunStatsChange: Completed.
TpTrace Verbose: 0 : 14804, 13, 2024/04/28, 21:20:56.851, 14837753655139, vstest.console.dll, MulticastDelegateUtilities.SafeInvoke: LengthPrefixCommunicationChannel: MessageReceived: Invoking callback 1/1 for Microsoft.VisualStudio.TestPlatform.CommunicationUtilities.TestRequestSender+<>c__DisplayClass34_0., took 19 ms.
TpTrace Verbose: 0 : 14804, 13, 2024/04/28, 21:20:56.851, 14837753655385, vstest.console.dll, TcpClientExtensions.MessageLoopAsync: Polling on remoteEndPoint: 127.0.0.1:59488 localEndPoint: 127.0.0.1:59487
TpTrace Verbose: 0 : 14804, 13, 2024/04/28, 21:20:56.851, 14837753655625, vstest.console.dll, TcpClientExtensions.MessageLoopAsync: NotifyDataAvailable remoteEndPoint: 127.0.0.1:59488 localEndPoint: 127.0.0.1:59487
TpTrace Verbose: 0 : 14804, 13, 2024/04/28, 21:20:56.851, 14837753657543, vstest.console.dll, TestRequestSender.OnExecutionMessageReceived: Received message: {"Version":7,"MessageType":"TestExecution.StatsChange","Payload":{"NewTestResults":[{"TestCase":{"Id":"acd46337-ed1a-ec0f-2aad-9b7d72a1559c","FullyQualifiedName":"DiscountSystem.Test.DiscountCalculatorDataDrivenTests.CalculateDiscount_ReturnsValidDiscountAndPoints(Corporate,9,9000,0.05d,False)","DisplayName":"CalculateDiscount_ReturnsValidDiscountAndPoints(Corporate,9,9000,0.05d,False)","ExecutorUri":"executor://NUnit3TestExecutor","Source":"C:\\Users\\Ilya\\Dropbox\\Тестирование\\Lab4\\DiscountSystem\\DiscountSystem.Test\\bin\\Debug\\net6.0\\fine-code-coverage\\build-output\\DiscountSystem.Test.dll","CodeFilePath":null,"LineNumber":0,"Properties":[{"Key":{"Id":"NUnit.Seed","Label":"Seed","Category":"","Description":"","Attributes":0,"ValueType":"System.String"},"Value":"365510364"}]},"Attachments":[],"Outcome":1,"ErrorMessage":null,"ErrorStackTrace":null,"DisplayName":"CalculateDiscount_ReturnsValidDiscountAndPoints(Corporate,9,9000,0.05d,False)","Messages":[],"ComputerName":"DESKTOP-KSF3CJK","Duration":"00:00:00.0000080","StartTime":"2024-04-28T18:20:56.7743224+00:00","EndTime":"2024-04-28T18:20:56.7743305+00:00","Properties":[{"Key":{"Id":"NUnit.Seed","Label":"Seed","Category":"","Description":"","Attributes":0,"ValueType":"System.String"},"Value":"365510364"}]},{"TestCase":{"Id":"87cfcb73-3a1d-42ca-ea04-a7615ef60471","FullyQualifiedName":"DiscountSystem.Test.DiscountCalculatorDataDrivenTests.CalculateDiscount_ReturnsValidDiscountAndPoints(Corporate,9,19000,0.1d,False)","DisplayName":"CalculateDiscount_ReturnsValidDiscountAndPoints(Corporate,9,19000,0.1d,False)","ExecutorUri":"executor://NUnit3TestExecutor","Source":"C:\\Users\\Ilya\\Dropbox\\Тестирование\\Lab4\\DiscountSystem\\DiscountSystem.Test\\bin\\Debug\\net6.0\\fine-code-coverage\\build-output\\DiscountSystem.Test.dll","CodeFilePath":null,"LineNumber":0,"Properties":[{"Key":{"Id":"NUnit.Seed","Label":"Seed","Category":"","Description":"","Attributes":0,"ValueType":"System.String"},"Value":"1169807064"}]},"Attachments":[],"Outcome":1,"ErrorMessage":null,"ErrorStackTrace":null,"DisplayName":"CalculateDiscount_ReturnsValidDiscountAndPoints(Corporate,9,19000,0.1d,False)","Messages":[],"ComputerName":"DESKTOP-KSF3CJK","Duration":"00:00:00.0000080","StartTime":"2024-04-28T18:20:56.7743321+00:00","EndTime":"2024-04-28T18:20:56.7743402+00:00","Properties":[{"Key":{"Id":"NUnit.Seed","Label":"Seed","Category":"","Description":"","Attributes":0,"ValueType":"System.String"},"Value":"1169807064"}]},{"TestCase":{"Id":"d2763cf7-0997-3493-d670-fcb481fc6982","FullyQualifiedName":"DiscountSystem.Test.DiscountCalculatorDataDrivenTests.CalculateDiscount_ReturnsValidDiscountAndPoints(Corporate,9,29000,0.15d,False)","DisplayName":"CalculateDiscount_ReturnsValidDiscountAndPoints(Corporate,9,29000,0.15d,False)","ExecutorUri":"executor://NUnit3TestExecutor","Source":"C:\\Users\\Ilya\\Dropbox\\Тестирование\\Lab4\\DiscountSystem\\DiscountSystem.Test\\bin\\Debug\\net6.0\\fine-code-coverage\\build-output\\DiscountSystem.Test.dll","CodeFilePath":null,"LineNumber":0,"Properties":[{"Key":{"Id":"NUnit.Seed","Label":"Seed","Category":"","Description":"","Attributes":0,"ValueType":"System.String"},"Value":"168113466"}]},"Attachments":[],"Outcome":1,"ErrorMessage":null,"ErrorStackTrace":null,"DisplayName":"CalculateDiscount_ReturnsValidDiscountAndPoints(Corporate,9,29000,0.15d,False)","Messages":[],"ComputerName":"DESKTOP-KSF3CJK","Duration":"00:00:00.0000060","StartTime":"2024-04-28T18:20:56.7743418+00:00","EndTime":"2024-04-28T18:20:56.7743477+00:00","Properties":[{"Key":{"Id":"NUnit.Seed","Label":"Seed","Category":"","Description":"","Attributes":0,"ValueType":"System.String"},"Value":"168113466"}]},{"TestCase":{"Id":"44c446bd-0066-9f97-1e1a-645b25c3b2de","FullyQualifiedName":"DiscountSystem.Test.DiscountCalculatorDataDrivenTests.CalculateDiscount_ReturnsValidDiscountAndPoints(Corporate,19,9000,0.1d,False)","DisplayName":"CalculateDiscount_ReturnsValidDiscountAndPoints(Corporate,19,9000,0.1d,False)","ExecutorUri":"executor://NUnit3TestExecutor","Source":"C:\\Users\\Ilya\\Dropbox\\Тестирование\\Lab4\\DiscountSystem\\DiscountSystem.Test\\bin\\Debug\\net6.0\\fine-code-coverage\\build-output\\DiscountSystem.Test.dll","CodeFilePath":null,"LineNumber":0,"Properties":[{"Key":{"Id":"NUnit.Seed","Label":"Seed","Category":"","Description":"","Attributes":0,"ValueType":"System.String"},"Value":"1180939160"}]},"Attachments":[],"Outcome":1,"ErrorMessage":null,"ErrorStackTrace":null,"DisplayName":"CalculateDiscount_ReturnsValidDiscountAndPoints(Corporate,19,9000,0.1d,False)","Messages":[],"ComputerName":"DESKTOP-KSF3CJK","Duration":"00:00:00.0000080","StartTime":"2024-04-28T18:20:56.7743493+00:00","EndTime":"2024-04-28T18:20:56.7743572+00:00","Properties":[{"Key":{"Id":"NUnit.Seed","Label":"Seed","Category":"","Description":"","Attributes":0,"ValueType":"System.String"},"Value":"1180939160"}]},{"TestCase":{"Id":"7ba01030-0576-2173-ba93-24882767d246","FullyQualifiedName":"DiscountSystem.Test.DiscountCalculatorDataDrivenTests.CalculateDiscount_ReturnsValidDiscountAndPoints(Corporate,19,19000,0.15d,False)","DisplayName":"CalculateDiscount_ReturnsValidDiscountAndPoints(Corporate,19,19000,0.15d,False)","ExecutorUri":"executor://NUnit3TestExecutor","Source":"C:\\Users\\Ilya\\Dropbox\\Тестирование\\Lab4\\DiscountSystem\\DiscountSystem.Test\\bin\\Debug\\net6.0\\fine-code-coverage\\build-output\\DiscountSystem.Test.dll","CodeFilePath":null,"LineNumber":0,"Properties":[{"Key":{"Id":"NUnit.Seed","Label":"Seed","Category":"","Description":"","Attributes":0,"ValueType":"System.String"},"Value":"1136431600"}]},"Attachments":[],"Outcome":1,"ErrorMessage":null,"ErrorStackTrace":null,"DisplayName":"CalculateDiscount_ReturnsValidDiscountAndPoints(Corporate,19,19000,0.15d,False)","Messages":[],"ComputerName":"DESKTOP-KSF3CJK","Duration":"00:00:00.0000060","StartTime":"2024-04-28T18:20:56.7743588+00:00","EndTime":"2024-04-28T18:20:56.7743645+00:00","Properties":[{"Key":{"Id":"NUnit.Seed","Label":"Seed","Category":"","Description":"","Attributes":0,"ValueType":"System.String"},"Value":"1136431600"}]},{"TestCase":{"Id":"98b29610-2eb2-e7f5-1686-bfefc65950ed","FullyQualifiedName":"DiscountSystem.Test.DiscountCalculatorDataDrivenTests.CalculateDiscount_ReturnsValidDiscountAndPoints(Corporate,19,29000,0.15d,False)","DisplayName":"CalculateDiscount_ReturnsValidDiscountAndPoints(Corporate,19,29000,0.15d,False)","ExecutorUri":"executor://NUnit3TestExecutor","Source":"C:\\Users\\Ilya\\Dropbox\\Тестирование\\Lab4\\DiscountSystem\\DiscountSystem.Test\\bin\\Debug\\net6.0\\fine-code-coverage\\build-output\\DiscountSystem.Test.dll","CodeFilePath":null,"LineNumber":0,"Properties":[{"Key":{"Id":"NUnit.Seed","Label":"Seed","Category":"","Description":"","Attributes":0,"ValueType":"System.String"},"Value":"90167800"}]},"Attachments":[],"Outcome":1,"ErrorMessage":null,"ErrorStackTrace":null,"DisplayName":"CalculateDiscount_ReturnsValidDiscountAndPoints(Corporate,19,29000,0.15d,False)","Messages":[],"ComputerName":"DESKTOP-KSF3CJK","Duration":"00:00:00.0000060","StartTime":"2024-04-28T18:20:56.7743694+00:00","EndTime":"2024-04-28T18:20:56.7743754+00:00","Properties":[{"Key":{"Id":"NUnit.Seed","Label":"Seed","Category":"","Description":"","Attributes":0,"ValueType":"System.String"},"Value":"90167800"}]},{"TestCase":{"Id":"6e3e3f22-3980-4b59-db79-fe769d5d5269","FullyQualifiedName":"DiscountSystem.Test.DiscountCalculatorDataDrivenTests.CalculateDiscount_ReturnsValidDiscountAndPoints(Corporate,29,9000,0.15d,False)","DisplayName":"CalculateDiscount_ReturnsValidDiscountAndPoints(Corporate,29,9000,0.15d,False)","ExecutorUri":"executor://NUnit3TestExecutor","Source":"C:\\Users\\Ilya\\Dropbox\\Тестирование\\Lab4\\DiscountSystem\\DiscountSystem.Test\\bin\\Debug\\net6.0\\fine-code-coverage\\build-output\\DiscountSystem.Test.dll","CodeFilePath":null,"LineNumber":0,"Properties":[{"Key":{"Id":"NUnit.Seed","Label":"Seed","Category":"","Description":"","Attributes":0,"ValueType":"System.String"},"Value":"663194603"}]},"Attachments":[],"Outcome":1,"ErrorMessage":null,"ErrorStackTrace":null,"DisplayName":"CalculateDiscount_ReturnsValidDiscountAndPoints(Corporate,29,9000,0.15d,False)","Messages":[],"ComputerName":"DESKTOP-KSF3CJK","Duration":"00:00:00.0000090","StartTime":"2024-04-28T18:20:56.774377+00:00","EndTime":"2024-04-28T18:20:56.7743855+00:00","Properties":[{"Key":{"Id":"NUnit.Seed","Label":"Seed","Category":"","Description":"","Attributes":0,"ValueType":"System.String"},"Value":"663194603"}]},{"TestCase":{"Id":"3558467a-8b24-d454-2254-5ee41e3402aa","FullyQualifiedName":"DiscountSystem.Test.DiscountCalculatorDataDrivenTests.CalculateDiscount_ReturnsValidDiscountAndPoints(Corporate,29,19000,0.15d,False)","DisplayName":"CalculateDiscount_ReturnsValidDiscountAndPoints(Corporate,29,19000,0.15d,False)","ExecutorUri":"executor://NUnit3TestExecutor","Source":"C:\\Users\\Ilya\\Dropbox\\Тестирование\\Lab4\\DiscountSystem\\DiscountSystem.Test\\bin\\Debug\\net6.0\\fine-code-coverage\\build-output\\DiscountSystem.Test.dll","CodeFilePath":null,"LineNumber":0,"Properties":[{"Key":{"Id":"NUnit.Seed","Label":"Seed","Category":"","Description":"","Attributes":0,"ValueType":"System.String"},"Value":"2096239089"}]},"Attachments":[],"Outcome":1,"ErrorMessage":null,"ErrorStackTrace":null,"DisplayName":"CalculateDiscount_ReturnsValidDiscountAndPoints(Corporate,29,19000,0.15d,False)","Messages":[],"ComputerName":"DESKTOP-KSF3CJK","Duration":"00:00:00.0000060","StartTime":"2024-04-28T18:20:56.7743873+00:00","EndTime":"2024-04-28T18:20:56.7743931+00:00","Properties":[{"Key":{"Id":"NUnit.Seed","Label":"Seed","Category":"","Description":"","Attributes":0,"ValueType":"System.String"},"Value":"2096239089"}]},{"TestCase":{"Id":"2c4439c9-9624-f7e4-9795-5b7c0bfb675c","FullyQualifiedName":"DiscountSystem.Test.DiscountCalculatorDataDrivenTests.CalculateDiscount_ReturnsValidDiscountAndPoints(Corporate,29,29000,0.15d,False)","DisplayName":"CalculateDiscount_ReturnsValidDiscountAndPoints(Corporate,29,29000,0.15d,False)","ExecutorUri":"executor://NUnit3TestExecutor","Source":"C:\\Users\\Ilya\\Dropbox\\Тестирование\\Lab4\\DiscountSystem\\DiscountSystem.Test\\bin\\Debug\\net6.0\\fine-code-coverage\\build-output\\DiscountSystem.Test.dll","CodeFilePath":null,"LineNumber":0,"Properties":[{"Key":{"Id":"NUnit.Seed","Label":"Seed","Category":"","Description":"","Attributes":0,"ValueType":"System.String"},"Value":"1039774579"}]},"Attachments":[],"Outcome":1,"ErrorMessage":null,"ErrorStackTrace":null,"DisplayName":"CalculateDiscount_ReturnsValidDiscountAndPoints(Corporate,29,29000,0.15d,False)","Messages":[],"ComputerName":"DESKTOP-KSF3CJK","Duration":"00:00:00.0000070","StartTime":"2024-04-28T18:20:56.7744029+00:00","EndTime":"2024-04-28T18:20:56.7744095+00:00","Properties":[{"Key":{"Id":"NUnit.Seed","Label":"Seed","Category":"","Description":"","Attributes":0,"ValueType":"System.String"},"Value":"1039774579"}]}],"TestRunStatistics":{"ExecutedTests":18,"Stats":{"Passed":18}},"ActiveTests":[{"Id":"1d1c5f72-f8f4-fd34-398a-9d6f4a9980af","FullyQualifiedName":"DiscountSystem.Test.DiscountCalculatorTests.CalculateDiscount_19Items19000PriceByCorporateClient_ReturnsLargeDiscountWithoutPoints","DisplayName":"CalculateDiscount_19Items19000PriceByCorporateClient_ReturnsLargeDiscountWithoutPoints","ExecutorUri":"executor://NUnit3TestExecutor","Source":"C:\\Users\\Ilya\\Dropbox\\Тестирование\\Lab4\\DiscountSystem\\DiscountSystem.Test\\bin\\Debug\\net6.0\\fine-code-coverage\\build-output\\DiscountSystem.Test.dll","CodeFilePath":null,"LineNumber":0,"Properties":[{"Key":{"Id":"NUnit.Seed","Label":"Seed","Category":"","Description":"","Attributes":0,"ValueType":"System.String"},"Value":"1670311203"}]}]}}
TpTrace Verbose: 0 : 14804, 13, 2024/04/28, 21:20:56.852, 14837753665244, vstest.console.dll, TestRunRequest:SendTestRunStatsChange: Starting.
TpTrace Verbose: 0 : 14804, 13, 2024/04/28, 21:20:56.852, 14837753665667, vstest.console.dll, InProgress is CalculateDiscount_19Items19000PriceByCorporateClient_ReturnsLargeDiscountWithoutPoints
TpTrace Verbose: 0 : 14804, 13, 2024/04/28, 21:20:56.852, 14837753666035, vstest.console.dll, MulticastDelegateUtilities.SafeInvoke: TestRun.RunStatsChanged: Invoking callbacks was skipped because there are no subscribers.
TpTrace Information: 0 : 14804, 13, 2024/04/28, 21:20:56.852, 14837753666147, vstest.console.dll, TestRunRequest:SendTestRunStatsChange: Completed.
TpTrace Verbose: 0 : 14804, 13, 2024/04/28, 21:20:56.852, 14837753666266, vstest.console.dll, MulticastDelegateUtilities.SafeInvoke: LengthPrefixCommunicationChannel: MessageReceived: Invoking callback 1/1 for Microsoft.VisualStudio.TestPlatform.CommunicationUtilities.TestRequestSender+<>c__DisplayClass34_0., took 0 ms.
TpTrace Verbose: 0 : 14804, 13, 2024/04/28, 21:20:56.852, 14837753666393, vstest.console.dll, TcpClientExtensions.MessageLoopAsync: Polling on remoteEndPoint: 127.0.0.1:59488 localEndPoint: 127.0.0.1:59487
TpTrace Verbose: 0 : 14804, 4, 2024/04/28, 21:20:56.852, 14837753668394, vstest.console.dll, MulticastDelegateUtilities.SafeInvoke: InternalTestLoggerEvents.SendTestResult: Invoking callback 1/1 for Microsoft.VisualStudio.TestPlatform.CommandLine.Internal.ConsoleLogger., took 1 ms.
TpTrace Verbose: 0 : 14804, 4, 2024/04/28, 21:20:56.852, 14837753670043, vstest.console.dll, MulticastDelegateUtilities.SafeInvoke: InternalTestLoggerEvents.SendTestResult: Invoking callback 1/1 for Microsoft.VisualStudio.TestPlatform.CommandLine.Internal.ConsoleLogger., took 0 ms.
TpTrace Verbose: 0 : 14804, 4, 2024/04/28, 21:20:56.852, 14837753670419, vstest.console.dll, MulticastDelegateUtilities.SafeInvoke: InternalTestLoggerEvents.SendTestResult: Invoking callback 1/1 for Microsoft.VisualStudio.TestPlatform.CommandLine.Internal.ConsoleLogger., took 0 ms.
TpTrace Verbose: 0 : 14804, 4, 2024/04/28, 21:20:56.852, 14837753670583, vstest.console.dll, MulticastDelegateUtilities.SafeInvoke: InternalTestLoggerEvents.SendTestResult: Invoking callback 1/1 for Microsoft.VisualStudio.TestPlatform.CommandLine.Internal.ConsoleLogger., took 0 ms.
TpTrace Verbose: 0 : 14804, 4, 2024/04/28, 21:20:56.852, 14837753670746, vstest.console.dll, MulticastDelegateUtilities.SafeInvoke: InternalTestLoggerEvents.SendTestResult: Invoking callback 1/1 for Microsoft.VisualStudio.TestPlatform.CommandLine.Internal.ConsoleLogger., took 0 ms.
TpTrace Verbose: 0 : 14804, 4, 2024/04/28, 21:20:56.852, 14837753670931, vstest.console.dll, MulticastDelegateUtilities.SafeInvoke: InternalTestLoggerEvents.SendTestResult: Invoking callback 1/1 for Microsoft.VisualStudio.TestPlatform.CommandLine.Internal.ConsoleLogger., took 0 ms.
TpTrace Verbose: 0 : 14804, 4, 2024/04/28, 21:20:56.852, 14837753671157, vstest.console.dll, MulticastDelegateUtilities.SafeInvoke: InternalTestLoggerEvents.SendTestResult: Invoking callback 1/1 for Microsoft.VisualStudio.TestPlatform.CommandLine.Internal.ConsoleLogger., took 0 ms.
TpTrace Verbose: 0 : 14804, 4, 2024/04/28, 21:20:56.852, 14837753671322, vstest.console.dll, MulticastDelegateUtilities.SafeInvoke: InternalTestLoggerEvents.SendTestResult: Invoking callback 1/1 for Microsoft.VisualStudio.TestPlatform.CommandLine.Internal.ConsoleLogger., took 0 ms.
TpTrace Verbose: 0 : 14804, 4, 2024/04/28, 21:20:56.853, 14837753676401, vstest.console.dll, MulticastDelegateUtilities.SafeInvoke: InternalTestLoggerEvents.SendTestResult: Invoking callback 1/1 for Microsoft.VisualStudio.TestPlatform.CommandLine.Internal.ConsoleLogger., took 0 ms.
TpTrace Verbose: 0 : 14804, 4, 2024/04/28, 21:20:56.853, 14837753676930, vstest.console.dll, MulticastDelegateUtilities.SafeInvoke: InternalTestLoggerEvents.SendTestResult: Invoking callback 1/1 for Microsoft.VisualStudio.TestPlatform.CommandLine.Internal.ConsoleLogger., took 0 ms.
TpTrace Verbose: 0 : 14804, 4, 2024/04/28, 21:20:56.853, 14837753677129, vstest.console.dll, MulticastDelegateUtilities.SafeInvoke: InternalTestLoggerEvents.SendTestResult: Invoking callback 1/1 for Microsoft.VisualStudio.TestPlatform.CommandLine.Internal.ConsoleLogger., took 0 ms.
TpTrace Verbose: 0 : 14804, 4, 2024/04/28, 21:20:56.853, 14837753677292, vstest.console.dll, MulticastDelegateUtilities.SafeInvoke: InternalTestLoggerEvents.SendTestResult: Invoking callback 1/1 for Microsoft.VisualStudio.TestPlatform.CommandLine.Internal.ConsoleLogger., took 0 ms.
TpTrace Verbose: 0 : 14804, 4, 2024/04/28, 21:20:56.853, 14837753677462, vstest.console.dll, MulticastDelegateUtilities.SafeInvoke: InternalTestLoggerEvents.SendTestResult: Invoking callback 1/1 for Microsoft.VisualStudio.TestPlatform.CommandLine.Internal.ConsoleLogger., took 0 ms.
TpTrace Verbose: 0 : 14804, 4, 2024/04/28, 21:20:56.853, 14837753677591, vstest.console.dll, MulticastDelegateUtilities.SafeInvoke: InternalTestLoggerEvents.SendTestResult: Invoking callback 1/1 for Microsoft.VisualStudio.TestPlatform.CommandLine.Internal.ConsoleLogger., took 0 ms.
TpTrace Verbose: 0 : 14804, 4, 2024/04/28, 21:20:56.853, 14837753677769, vstest.console.dll, MulticastDelegateUtilities.SafeInvoke: InternalTestLoggerEvents.SendTestResult: Invoking callback 1/1 for Microsoft.VisualStudio.TestPlatform.CommandLine.Internal.ConsoleLogger., took 0 ms.
TpTrace Verbose: 0 : 14804, 4, 2024/04/28, 21:20:56.853, 14837753677899, vstest.console.dll, MulticastDelegateUtilities.SafeInvoke: InternalTestLoggerEvents.SendTestResult: Invoking callback 1/1 for Microsoft.VisualStudio.TestPlatform.CommandLine.Internal.ConsoleLogger., took 0 ms.
TpTrace Verbose: 0 : 14804, 4, 2024/04/28, 21:20:56.853, 14837753678025, vstest.console.dll, MulticastDelegateUtilities.SafeInvoke: InternalTestLoggerEvents.SendTestResult: Invoking callback 1/1 for Microsoft.VisualStudio.TestPlatform.CommandLine.Internal.ConsoleLogger., took 0 ms.
TpTrace Verbose: 0 : 14804, 4, 2024/04/28, 21:20:56.853, 14837753678215, vstest.console.dll, MulticastDelegateUtilities.SafeInvoke: InternalTestLoggerEvents.SendTestResult: Invoking callback 1/1 for Microsoft.VisualStudio.TestPlatform.CommandLine.Internal.ConsoleLogger., took 0 ms.
TpTrace Verbose: 0 : 14804, 13, 2024/04/28, 21:20:56.859, 14837753736672, vstest.console.dll, TcpClientExtensions.MessageLoopAsync: NotifyDataAvailable remoteEndPoint: 127.0.0.1:59488 localEndPoint: 127.0.0.1:59487
TpTrace Verbose: 0 : 14804, 13, 2024/04/28, 21:20:56.859, 14837753738389, vstest.console.dll, TestRequestSender.OnExecutionMessageReceived: Received message: {"Version":7,"MessageType":"TestExecution.StatsChange","Payload":{"NewTestResults":[{"TestCase":{"Id":"1d1c5f72-f8f4-fd34-398a-9d6f4a9980af","FullyQualifiedName":"DiscountSystem.Test.DiscountCalculatorTests.CalculateDiscount_19Items19000PriceByCorporateClient_ReturnsLargeDiscountWithoutPoints","DisplayName":"CalculateDiscount_19Items19000PriceByCorporateClient_ReturnsLargeDiscountWithoutPoints","ExecutorUri":"executor://NUnit3TestExecutor","Source":"C:\\Users\\Ilya\\Dropbox\\Тестирование\\Lab4\\DiscountSystem\\DiscountSystem.Test\\bin\\Debug\\net6.0\\fine-code-coverage\\build-output\\DiscountSystem.Test.dll","CodeFilePath":null,"LineNumber":0,"Properties":[{"Key":{"Id":"NUnit.Seed","Label":"Seed","Category":"","Description":"","Attributes":0,"ValueType":"System.String"},"Value":"1670311203"}]},"Attachments":[],"Outcome":1,"ErrorMessage":null,"ErrorStackTrace":null,"DisplayName":"CalculateDiscount_19Items19000PriceByCorporateClient_ReturnsLargeDiscountWithoutPoints","Messages":[],"ComputerName":"DESKTOP-KSF3CJK","Duration":"00:00:00.0003230","StartTime":"2024-04-28T18:20:56.775705+00:00","EndTime":"2024-04-28T18:20:56.776028+00:00","Properties":[{"Key":{"Id":"NUnit.Seed","Label":"Seed","Category":"","Description":"","Attributes":0,"ValueType":"System.String"},"Value":"1670311203"}]},{"TestCase":{"Id":"1f354d59-fac5-9627-ef5d-a0640344dd61","FullyQualifiedName":"DiscountSystem.Test.DiscountCalculatorTests.CalculateDiscount_19Items19000PriceByPrivateClient_ReturnsLargeDiscountWithPoints","DisplayName":"CalculateDiscount_19Items19000PriceByPrivateClient_ReturnsLargeDiscountWithPoints","ExecutorUri":"executor://NUnit3TestExecutor","Source":"C:\\Users\\Ilya\\Dropbox\\Тестирование\\Lab4\\DiscountSystem\\DiscountSystem.Test\\bin\\Debug\\net6.0\\fine-code-coverage\\build-output\\DiscountSystem.Test.dll","CodeFilePath":null,"LineNumber":0,"Properties":[{"Key":{"Id":"NUnit.Seed","Label":"Seed","Category":"","Description":"","Attributes":0,"ValueType":"System.String"},"Value":"533332451"}]},"Attachments":[],"Outcome":1,"ErrorMessage":null,"ErrorStackTrace":null,"DisplayName":"CalculateDiscount_19Items19000PriceByPrivateClient_ReturnsLargeDiscountWithPoints","Messages":[],"ComputerName":"DESKTOP-KSF3CJK","Duration":"00:00:00.0002340","StartTime":"2024-04-28T18:20:56.7760355+00:00","EndTime":"2024-04-28T18:20:56.776269+00:00","Properties":[{"Key":{"Id":"NUnit.Seed","Label":"Seed","Category":"","Description":"","Attributes":0,"ValueType":"System.String"},"Value":"533332451"}]},{"TestCase":{"Id":"2a5225e9-8294-db1f-7072-ac0a4092c3df","FullyQualifiedName":"DiscountSystem.Test.DiscountCalculatorTests.CalculateDiscount_19Items29000PriceByCorporateClient_ReturnsLargeDiscountWithoutPoints","DisplayName":"CalculateDiscount_19Items29000PriceByCorporateClient_ReturnsLargeDiscountWithoutPoints","ExecutorUri":"executor://NUnit3TestExecutor","Source":"C:\\Users\\Ilya\\Dropbox\\Тестирование\\Lab4\\DiscountSystem\\DiscountSystem.Test\\bin\\Debug\\net6.0\\fine-code-coverage\\build-output\\DiscountSystem.Test.dll","CodeFilePath":null,"LineNumber":0,"Properties":[{"Key":{"Id":"NUnit.Seed","Label":"Seed","Category":"","Description":"","Attributes":0,"ValueType":"System.String"},"Value":"321314083"}]},"Attachments":[],"Outcome":1,"ErrorMessage":null,"ErrorStackTrace":null,"DisplayName":"CalculateDiscount_19Items29000PriceByCorporateClient_ReturnsLargeDiscountWithoutPoints","Messages":[],"ComputerName":"DESKTOP-KSF3CJK","Duration":"00:00:00.0001310","StartTime":"2024-04-28T18:20:56.7762757+00:00","EndTime":"2024-04-28T18:20:56.7764066+00:00","Properties":[{"Key":{"Id":"NUnit.Seed","Label":"Seed","Category":"","Description":"","Attributes":0,"ValueType":"System.String"},"Value":"321314083"}]},{"TestCase":{"Id":"0227b898-661b-8da5-51a8-65cb73e518bb","FullyQualifiedName":"DiscountSystem.Test.DiscountCalculatorTests.CalculateDiscount_19Items29000PriceByPrivateClient_ReturnsLargeDiscountWithPoints","DisplayName":"CalculateDiscount_19Items29000PriceByPrivateClient_ReturnsLargeDiscountWithPoints","ExecutorUri":"executor://NUnit3TestExecutor","Source":"C:\\Users\\Ilya\\Dropbox\\Тестирование\\Lab4\\DiscountSystem\\DiscountSystem.Test\\bin\\Debug\\net6.0\\fine-code-coverage\\build-output\\DiscountSystem.Test.dll","CodeFilePath":null,"LineNumber":0,"Properties":[{"Key":{"Id":"NUnit.Seed","Label":"Seed","Category":"","Description":"","Attributes":0,"ValueType":"System.String"},"Value":"1523904810"}]},"Attachments":[],"Outcome":1,"ErrorMessage":null,"ErrorStackTrace":null,"DisplayName":"CalculateDiscount_19Items29000PriceByPrivateClient_ReturnsLargeDiscountWithPoints","Messages":[],"ComputerName":"DESKTOP-KSF3CJK","Duration":"00:00:00.0001590","StartTime":"2024-04-28T18:20:56.7764111+00:00","EndTime":"2024-04-28T18:20:56.7765703+00:00","Properties":[{"Key":{"Id":"NUnit.Seed","Label":"Seed","Category":"","Description":"","Attributes":0,"ValueType":"System.String"},"Value":"1523904810"}]},{"TestCase":{"Id":"1c3eee1d-346c-55e4-2b95-742000b5f782","FullyQualifiedName":"DiscountSystem.Test.DiscountCalculatorTests.CalculateDiscount_19Items9000PriceByCorporateClient_ReturnsMediumDiscountWithoutPoints","DisplayName":"CalculateDiscount_19Items9000PriceByCorporateClient_ReturnsMediumDiscountWithoutPoints","ExecutorUri":"executor://NUnit3TestExecutor","Source":"C:\\Users\\Ilya\\Dropbox\\Тестирование\\Lab4\\DiscountSystem\\DiscountSystem.Test\\bin\\Debug\\net6.0\\fine-code-coverage\\build-output\\DiscountSystem.Test.dll","CodeFilePath":null,"LineNumber":0,"Properties":[{"Key":{"Id":"NUnit.Seed","Label":"Seed","Category":"","Description":"","Attributes":0,"ValueType":"System.String"},"Value":"1503451625"}]},"Attachments":[],"Outcome":1,"ErrorMessage":null,"ErrorStackTrace":null,"DisplayName":"CalculateDiscount_19Items9000PriceByCorporateClient_ReturnsMediumDiscountWithoutPoints","Messages":[],"ComputerName":"DESKTOP-KSF3CJK","Duration":"00:00:00.0006040","StartTime":"2024-04-28T18:20:56.7765757+00:00","EndTime":"2024-04-28T18:20:56.7771799+00:00","Properties":[{"Key":{"Id":"NUnit.Seed","Label":"Seed","Category":"","Description":"","Attributes":0,"ValueType":"System.String"},"Value":"1503451625"}]},{"TestCase":{"Id":"688a2785-285c-ef29-fec7-da793a47c3c9","FullyQualifiedName":"DiscountSystem.Test.DiscountCalculatorTests.CalculateDiscount_19Items9000PriceByPrivateClient_ReturnsMediumDiscountWithPoints","DisplayName":"CalculateDiscount_19Items9000PriceByPrivateClient_ReturnsMediumDiscountWithPoints","ExecutorUri":"executor://NUnit3TestExecutor","Source":"C:\\Users\\Ilya\\Dropbox\\Тестирование\\Lab4\\DiscountSystem\\DiscountSystem.Test\\bin\\Debug\\net6.0\\fine-code-coverage\\build-output\\DiscountSystem.Test.dll","CodeFilePath":null,"LineNumber":0,"Properties":[{"Key":{"Id":"NUnit.Seed","Label":"Seed","Category":"","Description":"","Attributes":0,"ValueType":"System.String"},"Value":"405497769"}]},"Attachments":[],"Outcome":1,"ErrorMessage":null,"ErrorStackTrace":null,"DisplayName":"CalculateDiscount_19Items9000PriceByPrivateClient_ReturnsMediumDiscountWithPoints","Messages":[],"ComputerName":"DESKTOP-KSF3CJK","Duration":"00:00:00.0004660","StartTime":"2024-04-28T18:20:56.7771857+00:00","EndTime":"2024-04-28T18:20:56.7776512+00:00","Properties":[{"Key":{"Id":"NUnit.Seed","Label":"Seed","Category":"","Description":"","Attributes":0,"ValueType":"System.String"},"Value":"405497769"}]},{"TestCase":{"Id":"07c32834-d9a3-b832-d59f-76aa89e0977d","FullyQualifiedName":"DiscountSystem.Test.DiscountCalculatorTests.CalculateDiscount_29Items19000PriceByCorporateClient_ReturnsLargeDiscountWithoutPoints","DisplayName":"CalculateDiscount_29Items19000PriceByCorporateClient_ReturnsLargeDiscountWithoutPoints","ExecutorUri":"executor://NUnit3TestExecutor","Source":"C:\\Users\\Ilya\\Dropbox\\Тестирование\\Lab4\\DiscountSystem\\DiscountSystem.Test\\bin\\Debug\\net6.0\\fine-code-coverage\\build-output\\DiscountSystem.Test.dll","CodeFilePath":null,"LineNumber":0,"Properties":[{"Key":{"Id":"NUnit.Seed","Label":"Seed","Category":"","Description":"","Attributes":0,"ValueType":"System.String"},"Value":"2067549840"}]},"Attachments":[],"Outcome":1,"ErrorMessage":null,"ErrorStackTrace":null,"DisplayName":"CalculateDiscount_29Items19000PriceByCorporateClient_ReturnsLargeDiscountWithoutPoints","Messages":[],"ComputerName":"DESKTOP-KSF3CJK","Duration":"00:00:00.0003830","StartTime":"2024-04-28T18:20:56.7776697+00:00","EndTime":"2024-04-28T18:20:56.778053+00:00","Properties":[{"Key":{"Id":"NUnit.Seed","Label":"Seed","Category":"","Description":"","Attributes":0,"ValueType":"System.String"},"Value":"2067549840"}]},{"TestCase":{"Id":"e672968b-073c-ca39-2553-797699531816","FullyQualifiedName":"DiscountSystem.Test.DiscountCalculatorTests.CalculateDiscount_29Items19000PriceByPrivateClient_ReturnsLargeDiscountWithPoints","DisplayName":"CalculateDiscount_29Items19000PriceByPrivateClient_ReturnsLargeDiscountWithPoints","ExecutorUri":"executor://NUnit3TestExecutor","Source":"C:\\Users\\Ilya\\Dropbox\\Тестирование\\Lab4\\DiscountSystem\\DiscountSystem.Test\\bin\\Debug\\net6.0\\fine-code-coverage\\build-output\\DiscountSystem.Test.dll","CodeFilePath":null,"LineNumber":0,"Properties":[{"Key":{"Id":"NUnit.Seed","Label":"Seed","Category":"","Description":"","Attributes":0,"ValueType":"System.String"},"Value":"1927397891"}]},"Attachments":[],"Outcome":1,"ErrorMessage":null,"ErrorStackTrace":null,"DisplayName":"CalculateDiscount_29Items19000PriceByPrivateClient_ReturnsLargeDiscountWithPoints","Messages":[],"ComputerName":"DESKTOP-KSF3CJK","Duration":"00:00:00.0003500","StartTime":"2024-04-28T18:20:56.7780575+00:00","EndTime":"2024-04-28T18:20:56.7784076+00:00","Properties":[{"Key":{"Id":"NUnit.Seed","Label":"Seed","Category":"","Description":"","Attributes":0,"ValueType":"System.String"},"Value":"1927397891"}]},{"TestCase":{"Id":"cf282b07-2ef1-6f69-ce1a-b8c0a2cef397","FullyQualifiedName":"DiscountSystem.Test.DiscountCalculatorTests.CalculateDiscount_29Items29000PriceByCorporateClient_ReturnsLargeDiscountWithoutPoints","DisplayName":"CalculateDiscount_29Items29000PriceByCorporateClient_ReturnsLargeDiscountWithoutPoints","ExecutorUri":"executor://NUnit3TestExecutor","Source":"C:\\Users\\Ilya\\Dropbox\\Тестирование\\Lab4\\DiscountSystem\\DiscountSystem.Test\\bin\\Debug\\net6.0\\fine-code-coverage\\build-output\\DiscountSystem.Test.dll","CodeFilePath":null,"LineNumber":0,"Properties":[{"Key":{"Id":"NUnit.Seed","Label":"Seed","Category":"","Description":"","Attributes":0,"ValueType":"System.String"},"Value":"530295338"}]},"Attachments":[],"Outcome":1,"ErrorMessage":null,"ErrorStackTrace":null,"DisplayName":"CalculateDiscount_29Items29000PriceByCorporateClient_ReturnsLargeDiscountWithoutPoints","Messages":[],"ComputerName":"DESKTOP-KSF3CJK","Duration":"00:00:00.0002970","StartTime":"2024-04-28T18:20:56.7784161+00:00","EndTime":"2024-04-28T18:20:56.7787133+00:00","Properties":[{"Key":{"Id":"NUnit.Seed","Label":"Seed","Category":"","Description":"","Attributes":0,"ValueType":"System.String"},"Value":"530295338"}]}],"TestRunStatistics":{"ExecutedTests":27,"Stats":{"Passed":27}},"ActiveTests":[{"Id":"6db20bce-7f8b-899f-5994-a75cd60d361a","FullyQualifiedName":"DiscountSystem.Test.DiscountCalculatorTests.CalculateDiscount_29Items29000PriceByPrivateClient_ReturnsLargeDiscountWithPoints","DisplayName":"CalculateDiscount_29Items29000PriceByPrivateClient_ReturnsLargeDiscountWithPoints","ExecutorUri":"executor://NUnit3TestExecutor","Source":"C:\\Users\\Ilya\\Dropbox\\Тестирование\\Lab4\\DiscountSystem\\DiscountSystem.Test\\bin\\Debug\\net6.0\\fine-code-coverage\\build-output\\DiscountSystem.Test.dll","CodeFilePath":null,"LineNumber":0,"Properties":[{"Key":{"Id":"NUnit.Seed","Label":"Seed","Category":"","Description":"","Attributes":0,"ValueType":"System.String"},"Value":"183090065"}]}]}}
TpTrace Verbose: 0 : 14804, 13, 2024/04/28, 21:20:56.860, 14837753743569, vstest.console.dll, TestRunRequest:SendTestRunStatsChange: Starting.
TpTrace Verbose: 0 : 14804, 13, 2024/04/28, 21:20:56.860, 14837753743815, vstest.console.dll, InProgress is CalculateDiscount_29Items29000PriceByPrivateClient_ReturnsLargeDiscountWithPoints
TpTrace Verbose: 0 : 14804, 13, 2024/04/28, 21:20:56.860, 14837753744095, vstest.console.dll, MulticastDelegateUtilities.SafeInvoke: TestRun.RunStatsChanged: Invoking callbacks was skipped because there are no subscribers.
TpTrace Information: 0 : 14804, 13, 2024/04/28, 21:20:56.860, 14837753744206, vstest.console.dll, TestRunRequest:SendTestRunStatsChange: Completed.
TpTrace Verbose: 0 : 14804, 13, 2024/04/28, 21:20:56.860, 14837753744332, vstest.console.dll, MulticastDelegateUtilities.SafeInvoke: LengthPrefixCommunicationChannel: MessageReceived: Invoking callback 1/1 for Microsoft.VisualStudio.TestPlatform.CommunicationUtilities.TestRequestSender+<>c__DisplayClass34_0., took 0 ms.
TpTrace Verbose: 0 : 14804, 4, 2024/04/28, 21:20:56.860, 14837753744357, vstest.console.dll, MulticastDelegateUtilities.SafeInvoke: InternalTestLoggerEvents.SendTestResult: Invoking callback 1/1 for Microsoft.VisualStudio.TestPlatform.CommandLine.Internal.ConsoleLogger., took 0 ms.
TpTrace Verbose: 0 : 14804, 13, 2024/04/28, 21:20:56.860, 14837753744462, vstest.console.dll, TcpClientExtensions.MessageLoopAsync: Polling on remoteEndPoint: 127.0.0.1:59488 localEndPoint: 127.0.0.1:59487
TpTrace Verbose: 0 : 14804, 4, 2024/04/28, 21:20:56.860, 14837753744709, vstest.console.dll, MulticastDelegateUtilities.SafeInvoke: InternalTestLoggerEvents.SendTestResult: Invoking callback 1/1 for Microsoft.VisualStudio.TestPlatform.CommandLine.Internal.ConsoleLogger., took 0 ms.
TpTrace Verbose: 0 : 14804, 4, 2024/04/28, 21:20:56.860, 14837753744942, vstest.console.dll, MulticastDelegateUtilities.SafeInvoke: InternalTestLoggerEvents.SendTestResult: Invoking callback 1/1 for Microsoft.VisualStudio.TestPlatform.CommandLine.Internal.ConsoleLogger., took 0 ms.
TpTrace Verbose: 0 : 14804, 4, 2024/04/28, 21:20:56.860, 14837753745113, vstest.console.dll, MulticastDelegateUtilities.SafeInvoke: InternalTestLoggerEvents.SendTestResult: Invoking callback 1/1 for Microsoft.VisualStudio.TestPlatform.CommandLine.Internal.ConsoleLogger., took 0 ms.
TpTrace Verbose: 0 : 14804, 4, 2024/04/28, 21:20:56.860, 14837753745240, vstest.console.dll, MulticastDelegateUtilities.SafeInvoke: InternalTestLoggerEvents.SendTestResult: Invoking callback 1/1 for Microsoft.VisualStudio.TestPlatform.CommandLine.Internal.ConsoleLogger., took 0 ms.
TpTrace Verbose: 0 : 14804, 4, 2024/04/28, 21:20:56.860, 14837753745398, vstest.console.dll, MulticastDelegateUtilities.SafeInvoke: InternalTestLoggerEvents.SendTestResult: Invoking callback 1/1 for Microsoft.VisualStudio.TestPlatform.CommandLine.Internal.ConsoleLogger., took 0 ms.
TpTrace Verbose: 0 : 14804, 4, 2024/04/28, 21:20:56.860, 14837753745553, vstest.console.dll, MulticastDelegateUtilities.SafeInvoke: InternalTestLoggerEvents.SendTestResult: Invoking callback 1/1 for Microsoft.VisualStudio.TestPlatform.CommandLine.Internal.ConsoleLogger., took 0 ms.
TpTrace Verbose: 0 : 14804, 4, 2024/04/28, 21:20:56.860, 14837753745695, vstest.console.dll, MulticastDelegateUtilities.SafeInvoke: InternalTestLoggerEvents.SendTestResult: Invoking callback 1/1 for Microsoft.VisualStudio.TestPlatform.CommandLine.Internal.ConsoleLogger., took 0 ms.
TpTrace Verbose: 0 : 14804, 4, 2024/04/28, 21:20:56.860, 14837753745826, vstest.console.dll, MulticastDelegateUtilities.SafeInvoke: InternalTestLoggerEvents.SendTestResult: Invoking callback 1/1 for Microsoft.VisualStudio.TestPlatform.CommandLine.Internal.ConsoleLogger., took 0 ms.
TpTrace Verbose: 0 : 14804, 13, 2024/04/28, 21:20:56.870, 14837753848096, vstest.console.dll, TcpClientExtensions.MessageLoopAsync: NotifyDataAvailable remoteEndPoint: 127.0.0.1:59488 localEndPoint: 127.0.0.1:59487
TpTrace Verbose: 0 : 14804, 13, 2024/04/28, 21:20:56.870, 14837753848871, vstest.console.dll, TestRequestSender.OnExecutionMessageReceived: Received message: {"Version":7,"MessageType":"TestSession.Message","Payload":{"MessageLevel":0,"Message":"NUnit Adapter 4.4.0.0: Test execution complete"}}
TpTrace Verbose: 0 : 14804, 13, 2024/04/28, 21:20:56.870, 14837753849457, vstest.console.dll, TestRunRequest:SendTestRunMessage: Starting.
TpTrace Verbose: 0 : 14804, 13, 2024/04/28, 21:20:56.870, 14837753849727, vstest.console.dll, MulticastDelegateUtilities.SafeInvoke: TestRun.LogMessages: Invoking callback 1/1 for Microsoft.VisualStudio.TestPlatform.CommandLine.TestRunResultAggregator., took 0 ms.
TpTrace Information: 0 : 14804, 13, 2024/04/28, 21:20:56.870, 14837753849836, vstest.console.dll, TestRunRequest:SendTestRunMessage: Completed.
TpTrace Verbose: 0 : 14804, 13, 2024/04/28, 21:20:56.870, 14837753849950, vstest.console.dll, MulticastDelegateUtilities.SafeInvoke: LengthPrefixCommunicationChannel: MessageReceived: Invoking callback 1/1 for Microsoft.VisualStudio.TestPlatform.CommunicationUtilities.TestRequestSender+<>c__DisplayClass34_0., took 0 ms.
TpTrace Verbose: 0 : 14804, 4, 2024/04/28, 21:20:56.870, 14837753849896, vstest.console.dll, MulticastDelegateUtilities.SafeInvoke: InternalTestLoggerEvents.SendTestRunMessage: Invoking callback 1/1 for Microsoft.VisualStudio.TestPlatform.CommandLine.Internal.ConsoleLogger., took 0 ms.
TpTrace Verbose: 0 : 14804, 13, 2024/04/28, 21:20:56.870, 14837753850078, vstest.console.dll, TcpClientExtensions.MessageLoopAsync: Polling on remoteEndPoint: 127.0.0.1:59488 localEndPoint: 127.0.0.1:59487
TpTrace Verbose: 0 : 14804, 13, 2024/04/28, 21:20:56.882, 14837753963449, vstest.console.dll, TcpClientExtensions.MessageLoopAsync: NotifyDataAvailable remoteEndPoint: 127.0.0.1:59488 localEndPoint: 127.0.0.1:59487
TpTrace Verbose: 0 : 14804, 13, 2024/04/28, 21:20:56.882, 14837753965559, vstest.console.dll, TestRequestSender.OnExecutionMessageReceived: Received message: {"Version":7,"MessageType":"TestExecution.Completed","Payload":{"TestRunCompleteArgs":{"TestRunStatistics":{"ExecutedTests":36,"Stats":{"Passed":36}},"IsCanceled":false,"IsAborted":false,"Error":null,"AttachmentSets":[],"InvokedDataCollectors":[],"ElapsedTimeInRunningTests":"00:00:00.2644888","Metrics":{},"DiscoveredExtensions":{"TestDiscoverers":["NUnit.VisualStudio.TestAdapter.NUnit3TestDiscoverer, NUnit3.TestAdapter, Version=4.4.0.0, Culture=neutral, PublicKeyToken=4cb40d35494691ac"],"TestExecutors":["executor://NUnit3TestExecutor"],"TestExecutors2":[],"TestSettingsProviders":[]}},"LastRunTests":{"NewTestResults":[{"TestCase":{"Id":"6db20bce-7f8b-899f-5994-a75cd60d361a","FullyQualifiedName":"DiscountSystem.Test.DiscountCalculatorTests.CalculateDiscount_29Items29000PriceByPrivateClient_ReturnsLargeDiscountWithPoints","DisplayName":"CalculateDiscount_29Items29000PriceByPrivateClient_ReturnsLargeDiscountWithPoints","ExecutorUri":"executor://NUnit3TestExecutor","Source":"C:\\Users\\Ilya\\Dropbox\\Тестирование\\Lab4\\DiscountSystem\\DiscountSystem.Test\\bin\\Debug\\net6.0\\fine-code-coverage\\build-output\\DiscountSystem.Test.dll","CodeFilePath":null,"LineNumber":0,"Properties":[{"Key":{"Id":"NUnit.Seed","Label":"Seed","Category":"","Description":"","Attributes":0,"ValueType":"System.String"},"Value":"183090065"}]},"Attachments":[],"Outcome":1,"ErrorMessage":null,"ErrorStackTrace":null,"DisplayName":"CalculateDiscount_29Items29000PriceByPrivateClient_ReturnsLargeDiscountWithPoints","Messages":[],"ComputerName":"DESKTOP-KSF3CJK","Duration":"00:00:00.0001270","StartTime":"2024-04-28T18:20:56.7787205+00:00","EndTime":"2024-04-28T18:20:56.7788476+00:00","Properties":[{"Key":{"Id":"NUnit.Seed","Label":"Seed","Category":"","Description":"","Attributes":0,"ValueType":"System.String"},"Value":"183090065"}]},{"TestCase":{"Id":"befdcb0e-0d7b-d5f1-5337-2e8462ae0c21","FullyQualifiedName":"DiscountSystem.Test.DiscountCalculatorTests.CalculateDiscount_29Items9000PriceByCorporateClient_ReturnsLargeDiscountWithoutPoints","DisplayName":"CalculateDiscount_29Items9000PriceByCorporateClient_ReturnsLargeDiscountWithoutPoints","ExecutorUri":"executor://NUnit3TestExecutor","Source":"C:\\Users\\Ilya\\Dropbox\\Тестирование\\Lab4\\DiscountSystem\\DiscountSystem.Test\\bin\\Debug\\net6.0\\fine-code-coverage\\build-output\\DiscountSystem.Test.dll","CodeFilePath":null,"LineNumber":0,"Properties":[{"Key":{"Id":"NUnit.Seed","Label":"Seed","Category":"","Description":"","Attributes":0,"ValueType":"System.String"},"Value":"892511496"}]},"Attachments":[],"Outcome":1,"ErrorMessage":null,"ErrorStackTrace":null,"DisplayName":"CalculateDiscount_29Items9000PriceByCorporateClient_ReturnsLargeDiscountWithoutPoints","Messages":[],"ComputerName":"DESKTOP-KSF3CJK","Duration":"00:00:00.0001040","StartTime":"2024-04-28T18:20:56.7788521+00:00","EndTime":"2024-04-28T18:20:56.7789561+00:00","Properties":[{"Key":{"Id":"NUnit.Seed","Label":"Seed","Category":"","Description":"","Attributes":0,"ValueType":"System.String"},"Value":"892511496"}]},{"TestCase":{"Id":"6d56ab82-b14e-a165-9018-c113d5c26ebb","FullyQualifiedName":"DiscountSystem.Test.DiscountCalculatorTests.CalculateDiscount_29Items9000PriceByPrivateClient_ReturnsLargeDiscountWithPoints","DisplayName":"CalculateDiscount_29Items9000PriceByPrivateClient_ReturnsLargeDiscountWithPoints","ExecutorUri":"executor://NUnit3TestExecutor","Source":"C:\\Users\\Ilya\\Dropbox\\Тестирование\\Lab4\\DiscountSystem\\DiscountSystem.Test\\bin\\Debug\\net6.0\\fine-code-coverage\\build-output\\DiscountSystem.Test.dll","CodeFilePath":null,"LineNumber":0,"Properties":[{"Key":{"Id":"NUnit.Seed","Label":"Seed","Category":"","Description":"","Attributes":0,"ValueType":"System.String"},"Value":"1055244648"}]},"Attachments":[],"Outcome":1,"ErrorMessage":null,"ErrorStackTrace":null,"DisplayName":"CalculateDiscount_29Items9000PriceByPrivateClient_ReturnsLargeDiscountWithPoints","Messages":[],"ComputerName":"DESKTOP-KSF3CJK","Duration":"00:00:00.0000950","StartTime":"2024-04-28T18:20:56.7789597+00:00","EndTime":"2024-04-28T18:20:56.7790548+00:00","Properties":[{"Key":{"Id":"NUnit.Seed","Label":"Seed","Category":"","Description":"","Attributes":0,"ValueType":"System.String"},"Value":"1055244648"}]},{"TestCase":{"Id":"731fcbdf-6aed-2305-836d-3998a97efc9a","FullyQualifiedName":"DiscountSystem.Test.DiscountCalculatorTests.CalculateDiscount_9Items19000PriceByCorporateClient_ReturnsMediumDiscountWithoutPoints","DisplayName":"CalculateDiscount_9Items19000PriceByCorporateClient_ReturnsMediumDiscountWithoutPoints","ExecutorUri":"executor://NUnit3TestExecutor","Source":"C:\\Users\\Ilya\\Dropbox\\Тестирование\\Lab4\\DiscountSystem\\DiscountSystem.Test\\bin\\Debug\\net6.0\\fine-code-coverage\\build-output\\DiscountSystem.Test.dll","CodeFilePath":null,"LineNumber":0,"Properties":[{"Key":{"Id":"NUnit.Seed","Label":"Seed","Category":"","Description":"","Attributes":0,"ValueType":"System.String"},"Value":"611005030"}]},"Attachments":[],"Outcome":1,"ErrorMessage":null,"ErrorStackTrace":null,"DisplayName":"CalculateDiscount_9Items19000PriceByCorporateClient_ReturnsMediumDiscountWithoutPoints","Messages":[],"ComputerName":"DESKTOP-KSF3CJK","Duration":"00:00:00.0000989","StartTime":"2024-04-28T18:20:56.7790612+00:00","EndTime":"2024-04-28T18:20:56.7791604+00:00","Properties":[{"Key":{"Id":"NUnit.Seed","Label":"Seed","Category":"","Description":"","Attributes":0,"ValueType":"System.String"},"Value":"611005030"}]},{"TestCase":{"Id":"d5cc931f-cdcc-836c-85ae-26255b0930aa","FullyQualifiedName":"DiscountSystem.Test.DiscountCalculatorTests.CalculateDiscount_9Items19000PriceByPrivateClient_ReturnsMediumDiscountWithPoints","DisplayName":"CalculateDiscount_9Items19000PriceByPrivateClient_ReturnsMediumDiscountWithPoints","ExecutorUri":"executor://NUnit3TestExecutor","Source":"C:\\Users\\Ilya\\Dropbox\\Тестирование\\Lab4\\DiscountSystem\\DiscountSystem.Test\\bin\\Debug\\net6.0\\fine-code-coverage\\build-output\\DiscountSystem.Test.dll","CodeFilePath":null,"LineNumber":0,"Properties":[{"Key":{"Id":"NUnit.Seed","Label":"Seed","Category":"","Description":"","Attributes":0,"ValueType":"System.String"},"Value":"2025100396"}]},"Attachments":[],"Outcome":1,"ErrorMessage":null,"ErrorStackTrace":null,"DisplayName":"CalculateDiscount_9Items19000PriceByPrivateClient_ReturnsMediumDiscountWithPoints","Messages":[],"ComputerName":"DESKTOP-KSF3CJK","Duration":"00:00:00.0000880","StartTime":"2024-04-28T18:20:56.779164+00:00","EndTime":"2024-04-28T18:20:56.7792522+00:00","Properties":[{"Key":{"Id":"NUnit.Seed","Label":"Seed","Category":"","Description":"","Attributes":0,"ValueType":"System.String"},"Value":"2025100396"}]},{"TestCase":{"Id":"0eb410f3-34cf-2bfd-0834-3e005280112c","FullyQualifiedName":"DiscountSystem.Test.DiscountCalculatorTests.CalculateDiscount_9Items29000PriceByCorporateClient_ReturnsLargeDiscountWithoutPoints","DisplayName":"CalculateDiscount_9Items29000PriceByCorporateClient_ReturnsLargeDiscountWithoutPoints","ExecutorUri":"executor://NUnit3TestExecutor","Source":"C:\\Users\\Ilya\\Dropbox\\Тестирование\\Lab4\\DiscountSystem\\DiscountSystem.Test\\bin\\Debug\\net6.0\\fine-code-coverage\\build-output\\DiscountSystem.Test.dll","CodeFilePath":null,"LineNumber":0,"Properties":[{"Key":{"Id":"NUnit.Seed","Label":"Seed","Category":"","Description":"","Attributes":0,"ValueType":"System.String"},"Value":"1774902757"}]},"Attachments":[],"Outcome":1,"ErrorMessage":null,"ErrorStackTrace":null,"DisplayName":"CalculateDiscount_9Items29000PriceByCorporateClient_ReturnsLargeDiscountWithoutPoints","Messages":[],"ComputerName":"DESKTOP-KSF3CJK","Duration":"00:00:00.0000960","StartTime":"2024-04-28T18:20:56.7792552+00:00","EndTime":"2024-04-28T18:20:56.7793516+00:00","Properties":[{"Key":{"Id":"NUnit.Seed","Label":"Seed","Category":"","Description":"","Attributes":0,"ValueType":"System.String"},"Value":"1774902757"}]},{"TestCase":{"Id":"6edb5d03-8e1e-d64c-3082-412cc1dd2038","FullyQualifiedName":"DiscountSystem.Test.DiscountCalculatorTests.CalculateDiscount_9Items29000PriceByPrivateClient_ReturnsLargeDiscountWithPoints","DisplayName":"CalculateDiscount_9Items29000PriceByPrivateClient_ReturnsLargeDiscountWithPoints","ExecutorUri":"executor://NUnit3TestExecutor","Source":"C:\\Users\\Ilya\\Dropbox\\Тестирование\\Lab4\\DiscountSystem\\DiscountSystem.Test\\bin\\Debug\\net6.0\\fine-code-coverage\\build-output\\DiscountSystem.Test.dll","CodeFilePath":null,"LineNumber":0,"Properties":[{"Key":{"Id":"NUnit.Seed","Label":"Seed","Category":"","Description":"","Attributes":0,"ValueType":"System.String"},"Value":"1803312573"}]},"Attachments":[],"Outcome":1,"ErrorMessage":null,"ErrorStackTrace":null,"DisplayName":"CalculateDiscount_9Items29000PriceByPrivateClient_ReturnsLargeDiscountWithPoints","Messages":[],"ComputerName":"DESKTOP-KSF3CJK","Duration":"00:00:00.0001020","StartTime":"2024-04-28T18:20:56.7793549+00:00","EndTime":"2024-04-28T18:20:56.7794572+00:00","Properties":[{"Key":{"Id":"NUnit.Seed","Label":"Seed","Category":"","Description":"","Attributes":0,"ValueType":"System.String"},"Value":"1803312573"}]},{"TestCase":{"Id":"ded69b60-69ee-8861-2ec8-b462c3ec5caa","FullyQualifiedName":"DiscountSystem.Test.DiscountCalculatorTests.CalculateDiscount_9Items9000PriceByCorporateClient_ReturnsSmallDiscountWithoutPoints","DisplayName":"CalculateDiscount_9Items9000PriceByCorporateClient_ReturnsSmallDiscountWithoutPoints","ExecutorUri":"executor://NUnit3TestExecutor","Source":"C:\\Users\\Ilya\\Dropbox\\Тестирование\\Lab4\\DiscountSystem\\DiscountSystem.Test\\bin\\Debug\\net6.0\\fine-code-coverage\\build-output\\DiscountSystem.Test.dll","CodeFilePath":null,"LineNumber":0,"Properties":[{"Key":{"Id":"NUnit.Seed","Label":"Seed","Category":"","Description":"","Attributes":0,"ValueType":"System.String"},"Value":"1793419802"}]},"Attachments":[],"Outcome":1,"ErrorMessage":null,"ErrorStackTrace":null,"DisplayName":"CalculateDiscount_9Items9000PriceByCorporateClient_ReturnsSmallDiscountWithoutPoints","Messages":[],"ComputerName":"DESKTOP-KSF3CJK","Duration":"00:00:00.0000950","StartTime":"2024-04-28T18:20:56.7794605+00:00","EndTime":"2024-04-28T18:20:56.7795558+00:00","Properties":[{"Key":{"Id":"NUnit.Seed","Label":"Seed","Category":"","Description":"","Attributes":0,"ValueType":"System.String"},"Value":"1793419802"}]},{"TestCase":{"Id":"12d25092-d93d-66ec-f09c-ec767a600a40","FullyQualifiedName":"DiscountSystem.Test.DiscountCalculatorTests.CalculateDiscount_9Items9000PriceByPrivateClient_ReturnsSmallDiscountWithPoints","DisplayName":"CalculateDiscount_9Items9000PriceByPrivateClient_ReturnsSmallDiscountWithPoints","ExecutorUri":"executor://NUnit3TestExecutor","Source":"C:\\Users\\Ilya\\Dropbox\\Тестирование\\Lab4\\DiscountSystem\\DiscountSystem.Test\\bin\\Debug\\net6.0\\fine-code-coverage\\build-output\\DiscountSystem.Test.dll","CodeFilePath":null,"LineNumber":0,"Properties":[{"Key":{"Id":"NUnit.Seed","Label":"Seed","Category":"","Description":"","Attributes":0,"ValueType":"System.String"},"Value":"201785260"}]},"Attachments":[],"Outcome":1,"ErrorMessage":null,"ErrorStackTrace":null,"DisplayName":"CalculateDiscount_9Items9000PriceByPrivateClient_ReturnsSmallDiscountWithPoints","Messages":[],"ComputerName":"DESKTOP-KSF3CJK","Duration":"00:00:00.0000920","StartTime":"2024-04-28T18:20:56.7795588+00:00","EndTime":"2024-04-28T18:20:56.7796507+00:00","Properties":[{"Key":{"Id":"NUnit.Seed","Label":"Seed","Category":"","Description":"","Attributes":0,"ValueType":"System.String"},"Value":"201785260"}]}],"TestRunStatistics":{"ExecutedTests":36,"Stats":{"Passed":36}},"ActiveTests":[]},"RunAttachments":[],"ExecutorUris":["executor://nunit3testexecutor/"]}}
TpTrace Verbose: 0 : 14804, 13, 2024/04/28, 21:20:56.882, 14837753967019, vstest.console.dll, TestRequestSender.EndSession: Sending end session.
TpTrace Verbose: 0 : 14804, 13, 2024/04/28, 21:20:56.882, 14837753967943, vstest.console.dll, ProxyOperationManager.Close: waiting for test host to exit for 100 ms
TpTrace Verbose: 0 : 14804, 12, 2024/04/28, 21:20:56.914, 14837754285336, vstest.console.dll, TestHostManagerCallbacks.ctor: Experimental forwarding output is disabled.
TpTrace Warning: 0 : 14804, 12, 2024/04/28, 21:20:56.914, 14837754286326, vstest.console.dll, TestHostManagerCallbacks.ErrorReceivedCallback Test host standard error line: 
TpTrace Verbose: 0 : 14804, 12, 2024/04/28, 21:20:56.918, 14837754331030, vstest.console.dll, TestHostProvider.ExitCallBack: Host exited starting callback.
TpTrace Information: 0 : 14804, 12, 2024/04/28, 21:20:56.919, 14837754332282, vstest.console.dll, TestHostManagerCallbacks.ExitCallBack: Testhost processId: 9052 exited with exitcode: 0 error: ''
TpTrace Verbose: 0 : 14804, 12, 2024/04/28, 21:20:56.919, 14837754332517, vstest.console.dll, DotnetTestHostManager.OnHostExited: invoking OnHostExited callback
TpTrace Verbose: 0 : 14804, 12, 2024/04/28, 21:20:56.919, 14837754332811, vstest.console.dll, CrossPlatEngine.TestHostManagerHostExited: calling on client process exit callback.
TpTrace Information: 0 : 14804, 12, 2024/04/28, 21:20:56.919, 14837754333058, vstest.console.dll, TestRequestSender.OnClientProcessExit: Test host process exited. Standard error: 
TpTrace Information: 0 : 14804, 12, 2024/04/28, 21:20:56.919, 14837754333213, vstest.console.dll, SocketServer.Stop: Stop server endPoint: 127.0.0.1:59487
TpTrace Information: 0 : 14804, 12, 2024/04/28, 21:20:56.919, 14837754333345, vstest.console.dll, SocketServer.Stop: Cancellation requested. Stopping message loop.
TpTrace Information: 0 : 14804, 13, 2024/04/28, 21:20:56.919, 14837754333707, vstest.console.dll, SocketServer.Stop: Stop server endPoint: 127.0.0.1:59487
TpTrace Verbose: 0 : 14804, 12, 2024/04/28, 21:20:56.919, 14837754333766, vstest.console.dll, MulticastDelegateUtilities.SafeInvoke: HostProviderEvents.OnHostExited: Invoking callback 1/1 for Microsoft.VisualStudio.TestPlatform.CrossPlatEngine.Client.ProxyOperationManager., took 0 ms.
TpTrace Information: 0 : 14804, 13, 2024/04/28, 21:20:56.919, 14837754334165, vstest.console.dll, SocketServer.Stop: Cancellation requested. Stopping message loop.
TpTrace Information: 0 : 14804, 13, 2024/04/28, 21:20:56.919, 14837754334553, vstest.console.dll, Closing the connection
TpTrace Verbose: 0 : 14804, 13, 2024/04/28, 21:20:56.919, 14837754335819, vstest.console.dll, ProxyDataCollectionManager.InvokeDataCollectionServiceAction: Starting.
TpTrace Information: 0 : 14804, 13, 2024/04/28, 21:20:56.919, 14837754336045, vstest.console.dll, ProxyDataCollectionManager.AfterTestRunEnd: Get attachment set and invoked data collectors processId: 10972 port: 59484
TpTrace Verbose: 0 : 14804, 13, 2024/04/28, 21:20:56.919, 14837754336255, vstest.console.dll, DataCollectionRequestSender.SendAfterTestRunStartAndGetResult: Send AfterTestRunEnd message with isCancelled: False
TpTrace Verbose: 0 : 14804, 13, 2024/04/28, 21:20:56.924, 14837754385240, vstest.console.dll, DataCollectionRequestSender.SendAfterTestRunStartAndGetResult: Received message: (DataCollection.AfterTestRunEndResult) -> {"MessageType":"DataCollection.AfterTestRunEndResult","Payload":{"AttachmentSets":[],"InvokedDataCollectors":[{"Uri":"datacollector://Microsoft/TestPlatform/Extensions/Blame/v1","FriendlyName":"Blame","AssemblyQualifiedName":"Microsoft.TestPlatform.Extensions.BlameDataCollector.BlameCollector, Microsoft.TestPlatform.Extensions.BlameDataCollector, Version=15.0.0.0, Culture=neutral, PublicKeyToken=b03f5f7f11d50a3a","FilePath":"C:\\Program Files\\dotnet\\sdk\\7.0.403\\Extensions\\Microsoft.TestPlatform.Extensions.BlameDataCollector.dll","HasAttachmentProcessor":false}],"Metrics":{}}}
TpTrace Information: 0 : 14804, 13, 2024/04/28, 21:20:56.927, 14837754420874, vstest.console.dll, ProxyDataCollectionManager.InvokeDataCollectionServiceAction: Completed.
TpTrace Warning: 0 : 14804, 11, 2024/04/28, 21:20:56.939, 14837754534310, vstest.console.dll, DataCollectionLauncher.ErrorReceivedCallback datacollector standard error line: 
TpTrace Information: 0 : 14804, 11, 2024/04/28, 21:20:56.943, 14837754572277, vstest.console.dll, DataCollectionLauncher.ExitCallBack: Data collector exited with exitcode: 0 error: ''
TpTrace Verbose: 0 : 14804, 13, 2024/04/28, 21:20:56.960, 14837754744144, vstest.console.dll, TestRunRequest:SendTestRunStatsChange: Starting.
TpTrace Verbose: 0 : 14804, 13, 2024/04/28, 21:20:56.960, 14837754745202, vstest.console.dll, MulticastDelegateUtilities.SafeInvoke: TestRun.RunStatsChanged: Invoking callbacks was skipped because there are no subscribers.
TpTrace Information: 0 : 14804, 13, 2024/04/28, 21:20:56.960, 14837754745367, vstest.console.dll, TestRunRequest:SendTestRunStatsChange: Completed.
TpTrace Verbose: 0 : 14804, 4, 2024/04/28, 21:20:56.960, 14837754745715, vstest.console.dll, MulticastDelegateUtilities.SafeInvoke: InternalTestLoggerEvents.SendTestResult: Invoking callback 1/1 for Microsoft.VisualStudio.TestPlatform.CommandLine.Internal.ConsoleLogger., took 0 ms.
TpTrace Verbose: 0 : 14804, 4, 2024/04/28, 21:20:56.960, 14837754746302, vstest.console.dll, MulticastDelegateUtilities.SafeInvoke: InternalTestLoggerEvents.SendTestResult: Invoking callback 1/1 for Microsoft.VisualStudio.TestPlatform.CommandLine.Internal.ConsoleLogger., took 0 ms.
TpTrace Verbose: 0 : 14804, 4, 2024/04/28, 21:20:56.960, 14837754746555, vstest.console.dll, MulticastDelegateUtilities.SafeInvoke: InternalTestLoggerEvents.SendTestResult: Invoking callback 1/1 for Microsoft.VisualStudio.TestPlatform.CommandLine.Internal.ConsoleLogger., took 0 ms.
TpTrace Verbose: 0 : 14804, 4, 2024/04/28, 21:20:56.960, 14837754746724, vstest.console.dll, MulticastDelegateUtilities.SafeInvoke: InternalTestLoggerEvents.SendTestResult: Invoking callback 1/1 for Microsoft.VisualStudio.TestPlatform.CommandLine.Internal.ConsoleLogger., took 0 ms.
TpTrace Verbose: 0 : 14804, 4, 2024/04/28, 21:20:56.960, 14837754746893, vstest.console.dll, MulticastDelegateUtilities.SafeInvoke: InternalTestLoggerEvents.SendTestResult: Invoking callback 1/1 for Microsoft.VisualStudio.TestPlatform.CommandLine.Internal.ConsoleLogger., took 0 ms.
TpTrace Verbose: 0 : 14804, 4, 2024/04/28, 21:20:56.960, 14837754747072, vstest.console.dll, MulticastDelegateUtilities.SafeInvoke: InternalTestLoggerEvents.SendTestResult: Invoking callback 1/1 for Microsoft.VisualStudio.TestPlatform.CommandLine.Internal.ConsoleLogger., took 0 ms.
TpTrace Verbose: 0 : 14804, 4, 2024/04/28, 21:20:56.960, 14837754747214, vstest.console.dll, MulticastDelegateUtilities.SafeInvoke: InternalTestLoggerEvents.SendTestResult: Invoking callback 1/1 for Microsoft.VisualStudio.TestPlatform.CommandLine.Internal.ConsoleLogger., took 0 ms.
TpTrace Verbose: 0 : 14804, 4, 2024/04/28, 21:20:56.960, 14837754747361, vstest.console.dll, MulticastDelegateUtilities.SafeInvoke: InternalTestLoggerEvents.SendTestResult: Invoking callback 1/1 for Microsoft.VisualStudio.TestPlatform.CommandLine.Internal.ConsoleLogger., took 0 ms.
TpTrace Verbose: 0 : 14804, 4, 2024/04/28, 21:20:56.960, 14837754747556, vstest.console.dll, MulticastDelegateUtilities.SafeInvoke: InternalTestLoggerEvents.SendTestResult: Invoking callback 1/1 for Microsoft.VisualStudio.TestPlatform.CommandLine.Internal.ConsoleLogger., took 0 ms.
TpTrace Verbose: 0 : 14804, 13, 2024/04/28, 21:20:56.960, 14837754748177, vstest.console.dll, ParallelProxyExecutionManager: HandlePartialRunComplete: Total workloads = 1, Total started clients = 1 Total completed clients = 1, Run complete = True, Run canceled: False.
TpTrace Verbose: 0 : 14804, 13, 2024/04/28, 21:20:56.960, 14837754748414, vstest.console.dll, ParallelProxyExecutionManager: HandlePartialRunComplete: All runs completed stopping all managers.
TpTrace Verbose: 0 : 14804, 13, 2024/04/28, 21:20:56.960, 14837754748615, vstest.console.dll, ParallelOperationManager.StopAllManagers: Stopping all managers.
TpTrace Verbose: 0 : 14804, 13, 2024/04/28, 21:20:56.960, 14837754748743, vstest.console.dll, ParallelOperationManager.ClearSlots: Clearing all slots. Slots should accept more work: False
TpTrace Verbose: 0 : 14804, 13, 2024/04/28, 21:20:56.960, 14837754748922, vstest.console.dll, ParallelOperationManager.SetOccupiedSlotCount: Setting slot counts AvailableSlotCount = 1, OccupiedSlotCount = 0.
TpTrace Verbose: 0 : 14804, 13, 2024/04/28, 21:20:56.960, 14837754749108, vstest.console.dll, Occupied slots:

TpTrace Verbose: 0 : 14804, 4, 2024/04/28, 21:20:56.966, 14837754808532, vstest.console.dll, MulticastDelegateUtilities.SafeInvoke: InternalTestLoggerEvents.SendTestRunComplete: Invoking callback 1/2 for Microsoft.TestPlatform.Extensions.BlameDataCollector.BlameLogger., took 0 ms.
TpTrace Verbose: 0 : 14804, 4, 2024/04/28, 21:20:56.970, 14837754849866, vstest.console.dll, MulticastDelegateUtilities.SafeInvoke: InternalTestLoggerEvents.SendTestRunComplete: Invoking callback 2/2 for Microsoft.VisualStudio.TestPlatform.CommandLine.Internal.ConsoleLogger., took 4 ms.
TpTrace Verbose: 0 : 14804, 13, 2024/04/28, 21:20:56.971, 14837754852112, vstest.console.dll, TestRunRequest:TestRunComplete: Starting. IsAborted:False IsCanceled:False.
TpTrace Verbose: 0 : 14804, 13, 2024/04/28, 21:20:56.971, 14837754853221, vstest.console.dll, ParallelOperationManager.DoActionOnAllManagers: Calling an action on all managers.
TpTrace Verbose: 0 : 14804, 13, 2024/04/28, 21:20:56.972, 14837754863481, vstest.console.dll, TestLoggerManager.HandleTestRunComplete: Ignoring as the object is disposed.
TpTrace Verbose: 0 : 14804, 13, 2024/04/28, 21:20:56.972, 14837754864938, vstest.console.dll, MulticastDelegateUtilities.SafeInvoke: TestRun.TestRunComplete: Invoking callback 1/2 for Microsoft.VisualStudio.TestPlatform.CommandLine.TestRunResultAggregator., took 0 ms.
TpTrace Verbose: 0 : 14804, 13, 2024/04/28, 21:20:56.972, 14837754865903, vstest.console.dll, MulticastDelegateUtilities.SafeInvoke: TestRun.TestRunComplete: Invoking callback 2/2 for Microsoft.VisualStudio.TestPlatform.CommandLine.Processors.RunTestsArgumentExecutor+TestRunRequestEventsRegistrar., took 0 ms.
TpTrace Information: 0 : 14804, 13, 2024/04/28, 21:20:56.972, 14837754866610, vstest.console.dll, TestRunRequest:TestRunComplete: Completed.
TpTrace Verbose: 0 : 14804, 13, 2024/04/28, 21:20:56.972, 14837754866830, vstest.console.dll, TestRequestSender.SetOperationComplete: Setting operation complete.
TpTrace Information: 0 : 14804, 13, 2024/04/28, 21:20:56.972, 14837754866961, vstest.console.dll, SocketServer.Stop: Stop server endPoint: 127.0.0.1:59487
TpTrace Verbose: 0 : 14804, 1, 2024/04/28, 21:20:56.972, 14837754866933, vstest.console.dll, TestRunRequest.Dispose: Starting.
TpTrace Information: 0 : 14804, 13, 2024/04/28, 21:20:56.972, 14837754867074, vstest.console.dll, SocketServer.Stop: Cancellation requested. Stopping message loop.
TpTrace Information: 0 : 14804, 1, 2024/04/28, 21:20:56.972, 14837754867430, vstest.console.dll, TestRunRequest.Dispose: Completed.
TpTrace Verbose: 0 : 14804, 13, 2024/04/28, 21:20:56.972, 14837754867692, vstest.console.dll, MulticastDelegateUtilities.SafeInvoke: LengthPrefixCommunicationChannel: MessageReceived: Invoking callback 1/1 for Microsoft.VisualStudio.TestPlatform.CommunicationUtilities.TestRequestSender+<>c__DisplayClass34_0., took 90 ms.
TpTrace Information: 0 : 14804, 1, 2024/04/28, 21:20:56.972, 14837754867881, vstest.console.dll, TestRequestManager.RunTests: run tests completed.
TpTrace Information: 0 : 14804, 13, 2024/04/28, 21:20:56.972, 14837754868040, vstest.console.dll, SocketServer.PrivateStop: Stopping server endPoint: 127.0.0.1:59487 error: 
TpTrace Information: 0 : 14804, 1, 2024/04/28, 21:20:56.972, 14837754868537, vstest.console.dll, RunTestsArgumentProcessor:Execute: Test run is completed.
TpTrace Verbose: 0 : 14804, 1, 2024/04/28, 21:20:56.972, 14837754869716, vstest.console.dll, Executor.Execute: Exiting with exit code of 0
TpTrace Verbose: 0 : 14804, 13, 2024/04/28, 21:20:56.972, 14837754870741, vstest.console.dll, LengthPrefixCommunicationChannel.Dispose: Dispose reader and writer.
TpTrace Information: 0 : 14804, 13, 2024/04/28, 21:20:56.972, 14837754871183, vstest.console.dll, SocketServer.Stop: Raise disconnected event endPoint: 127.0.0.1:59487 error: 
TpTrace Verbose: 0 : 14804, 13, 2024/04/28, 21:20:56.972, 14837754871758, vstest.console.dll, TestRequestSender: OnTestRunAbort: Operation is already complete. Skip error message.
TpTrace Verbose: 0 : 14804, 13, 2024/04/28, 21:20:56.973, 14837754871957, vstest.console.dll, MulticastDelegateUtilities.SafeInvoke: SocketServer: ClientDisconnected: Invoking callback 1/1 for Microsoft.VisualStudio.TestPlatform.CommunicationUtilities.TestRequestSender., took 0 ms.
TpTrace Verbose: 0 : 14804, 13, 2024/04/28, 21:20:56.973, 14837754872106, vstest.console.dll, TcpClientExtensions.MessageLoopAsync: exiting MessageLoopAsync remoteEndPoint: 127.0.0.1:59488 localEndPoint: 127.0.0.1:59487
